2020-07-30 10:34:41.257  INFO 8668 --- [restartedMain] com.xl.xlblog.XlBlogApplication          : Starting XlBlogApplication on DESKTOP-10O358N with PID 8668 (F:\javaProject\xl-blog\target\classes started by Mypc in F:\javaProject\xl-blog)
2020-07-30 10:34:41.260  INFO 8668 --- [restartedMain] com.xl.xlblog.XlBlogApplication          : No active profile set, falling back to default profiles: default
2020-07-30 10:34:41.329  INFO 8668 --- [restartedMain] .e.DevToolsPropertyDefaultsPostProcessor : Devtools property defaults active! Set 'spring.devtools.add-properties' to 'false' to disable
2020-07-30 10:34:41.330  INFO 8668 --- [restartedMain] .e.DevToolsPropertyDefaultsPostProcessor : For additional web related logging consider setting the 'logging.level.web' property to 'DEBUG'
2020-07-30 10:34:41.922  INFO 8668 --- [restartedMain] .s.d.r.c.RepositoryConfigurationDelegate : Multiple Spring Data modules found, entering strict repository configuration mode!
2020-07-30 10:34:41.924  INFO 8668 --- [restartedMain] .s.d.r.c.RepositoryConfigurationDelegate : Bootstrapping Spring Data Redis repositories in DEFAULT mode.
2020-07-30 10:34:41.943  INFO 8668 --- [restartedMain] .s.d.r.c.RepositoryConfigurationDelegate : Finished Spring Data repository scanning in 5ms. Found 0 Redis repository interfaces.
2020-07-30 10:34:42.058  WARN 8668 --- [restartedMain] o.m.s.mapper.ClassPathMapperScanner      : No MyBatis mapper was found in '[com.xl.xlblog]' package. Please check your configuration.
2020-07-30 10:34:42.447  INFO 8668 --- [restartedMain] o.s.b.w.embedded.tomcat.TomcatWebServer  : Tomcat initialized with port(s): 8080 (http)
2020-07-30 10:34:42.459  INFO 8668 --- [restartedMain] o.apache.catalina.core.StandardService   : Starting service [Tomcat]
2020-07-30 10:34:42.459  INFO 8668 --- [restartedMain] org.apache.catalina.core.StandardEngine  : Starting Servlet engine: [Apache Tomcat/9.0.37]
2020-07-30 10:34:42.542  INFO 8668 --- [restartedMain] o.a.c.c.C.[Tomcat].[localhost].[/blog]   : Initializing Spring embedded WebApplicationContext
2020-07-30 10:34:42.542  INFO 8668 --- [restartedMain] w.s.c.ServletWebServerApplicationContext : Root WebApplicationContext: initialization completed in 1212 ms
2020-07-30 10:34:42.776  INFO 8668 --- [restartedMain] o.s.s.concurrent.ThreadPoolTaskExecutor  : Initializing ExecutorService 'applicationTaskExecutor'
2020-07-30 10:34:42.840  INFO 8668 --- [restartedMain] o.s.b.a.w.s.WelcomePageHandlerMapping    : Adding welcome page template: index
2020-07-30 10:34:42.928  INFO 8668 --- [restartedMain] c.a.d.s.b.a.DruidDataSourceAutoConfigure : Init DruidDataSource
2020-07-30 10:34:43.816  INFO 8668 --- [restartedMain] com.alibaba.druid.pool.DruidDataSource   : {dataSource-1} inited
2020-07-30 10:34:44.270  INFO 8668 --- [restartedMain] o.s.b.d.a.OptionalLiveReloadServer       : LiveReload server is running on port 35729
2020-07-30 10:34:44.309  INFO 8668 --- [restartedMain] o.s.b.w.embedded.tomcat.TomcatWebServer  : Tomcat started on port(s): 8080 (http) with context path '/blog'
2020-07-30 10:34:44.319  INFO 8668 --- [restartedMain] com.xl.xlblog.XlBlogApplication          : Started XlBlogApplication in 3.554 seconds (JVM running for 4.607)
