2020-08-03 17:47:14.846  INFO 1408 --- [restartedMain] com.xl.xlblog.XlBlogApplication          : Starting XlBlogApplication on DESKTOP-10O358N with PID 1408 (F:\javaProject\xl-blog\target\classes started by Mypc in F:\javaProject\xl-blog)
2020-08-03 17:47:14.876  INFO 1408 --- [restartedMain] com.xl.xlblog.XlBlogApplication          : No active profile set, falling back to default profiles: default
2020-08-03 17:47:14.943  INFO 1408 --- [restartedMain] .e.DevToolsPropertyDefaultsPostProcessor : Devtools property defaults active! Set 'spring.devtools.add-properties' to 'false' to disable
2020-08-03 17:47:14.944  INFO 1408 --- [restartedMain] .e.DevToolsPropertyDefaultsPostProcessor : For additional web related logging consider setting the 'logging.level.web' property to 'DEBUG'
2020-08-03 17:47:16.394  INFO 1408 --- [restartedMain] o.s.b.w.embedded.tomcat.TomcatWebServer  : Tomcat initialized with port(s): 8080 (http)
2020-08-03 17:47:16.405  INFO 1408 --- [restartedMain] o.apache.catalina.core.StandardService   : Starting service [Tomcat]
2020-08-03 17:47:16.406  INFO 1408 --- [restartedMain] org.apache.catalina.core.StandardEngine  : Starting Servlet engine: [Apache Tomcat/9.0.33]
2020-08-03 17:47:16.491  INFO 1408 --- [restartedMain] o.a.c.c.C.[Tomcat].[localhost].[/]       : Initializing Spring embedded WebApplicationContext
2020-08-03 17:47:16.492  INFO 1408 --- [restartedMain] o.s.web.context.ContextLoader            : Root WebApplicationContext: initialization completed in 1546 ms
2020-08-03 17:47:16.573  INFO 1408 --- [restartedMain] c.a.d.s.b.a.DruidDataSourceAutoConfigure : Init DruidDataSource
2020-08-03 17:47:17.425  INFO 1408 --- [restartedMain] com.alibaba.druid.pool.DruidDataSource   : {dataSource-1} inited
2020-08-03 17:47:17.830  INFO 1408 --- [restartedMain] o.s.s.concurrent.ThreadPoolTaskExecutor  : Initializing ExecutorService 'applicationTaskExecutor'
2020-08-03 17:47:17.906  INFO 1408 --- [restartedMain] o.s.b.a.w.s.WelcomePageHandlerMapping    : Adding welcome page template: index
2020-08-03 17:47:17.969  WARN 1408 --- [restartedMain] org.thymeleaf.templatemode.TemplateMode  : [THYMELEAF][restartedMain] Template Mode 'LEGACYHTML5' is deprecated. Using Template Mode 'HTML' instead.
2020-08-03 17:47:18.196  INFO 1408 --- [restartedMain] o.s.b.d.a.OptionalLiveReloadServer       : LiveReload server is running on port 35729
2020-08-03 17:47:18.243  INFO 1408 --- [restartedMain] o.s.b.w.embedded.tomcat.TomcatWebServer  : Tomcat started on port(s): 8080 (http) with context path ''
2020-08-03 17:47:18.247  INFO 1408 --- [restartedMain] com.xl.xlblog.XlBlogApplication          : Started XlBlogApplication in 3.847 seconds (JVM running for 4.814)
2020-08-03 17:47:44.116  INFO 1408 --- [http-nio-8080-exec-1] o.a.c.c.C.[Tomcat].[localhost].[/]       : Initializing Spring DispatcherServlet 'dispatcherServlet'
2020-08-03 17:47:44.117  INFO 1408 --- [http-nio-8080-exec-1] o.s.web.servlet.DispatcherServlet        : Initializing Servlet 'dispatcherServlet'
2020-08-03 17:47:44.124  INFO 1408 --- [http-nio-8080-exec-1] o.s.web.servlet.DispatcherServlet        : Completed initialization in 7 ms
2020-08-03 17:47:44.161  INFO 1408 --- [http-nio-8080-exec-2] com.xl.xlblog.aspecct.LogAspect          : ------requestLog :RequestLog(ip=0:0:0:0:0:0:0:1, url=http://localhost:8080/admin/loginHtml, classMethod=com.xl.xlblog.controller.admincontroller.AdminController.loginHtml, args=[], result=admin/login)-----------
2020-08-03 17:51:48.444  INFO 7644 --- [restartedMain] com.xl.xlblog.XlBlogApplication          : Starting XlBlogApplication on DESKTOP-10O358N with PID 7644 (F:\javaProject\xl-blog\target\classes started by Mypc in F:\javaProject\xl-blog)
2020-08-03 17:51:48.449  INFO 7644 --- [restartedMain] com.xl.xlblog.XlBlogApplication          : No active profile set, falling back to default profiles: default
2020-08-03 17:51:48.511  INFO 7644 --- [restartedMain] .e.DevToolsPropertyDefaultsPostProcessor : Devtools property defaults active! Set 'spring.devtools.add-properties' to 'false' to disable
2020-08-03 17:51:48.511  INFO 7644 --- [restartedMain] .e.DevToolsPropertyDefaultsPostProcessor : For additional web related logging consider setting the 'logging.level.web' property to 'DEBUG'
2020-08-03 17:51:50.429  INFO 7644 --- [restartedMain] o.s.b.w.embedded.tomcat.TomcatWebServer  : Tomcat initialized with port(s): 8080 (http)
2020-08-03 17:51:50.438  INFO 7644 --- [restartedMain] o.apache.catalina.core.StandardService   : Starting service [Tomcat]
2020-08-03 17:51:50.439  INFO 7644 --- [restartedMain] org.apache.catalina.core.StandardEngine  : Starting Servlet engine: [Apache Tomcat/9.0.33]
2020-08-03 17:51:50.527  INFO 7644 --- [restartedMain] o.a.c.c.C.[Tomcat].[localhost].[/]       : Initializing Spring embedded WebApplicationContext
2020-08-03 17:51:50.528  INFO 7644 --- [restartedMain] o.s.web.context.ContextLoader            : Root WebApplicationContext: initialization completed in 2017 ms
2020-08-03 17:51:50.614  INFO 7644 --- [restartedMain] c.a.d.s.b.a.DruidDataSourceAutoConfigure : Init DruidDataSource
2020-08-03 17:51:51.439  INFO 7644 --- [restartedMain] com.alibaba.druid.pool.DruidDataSource   : {dataSource-1} inited
2020-08-03 17:51:51.835  INFO 7644 --- [restartedMain] o.s.s.concurrent.ThreadPoolTaskExecutor  : Initializing ExecutorService 'applicationTaskExecutor'
2020-08-03 17:51:51.913  INFO 7644 --- [restartedMain] o.s.b.a.w.s.WelcomePageHandlerMapping    : Adding welcome page template: index
2020-08-03 17:51:51.975  WARN 7644 --- [restartedMain] org.thymeleaf.templatemode.TemplateMode  : [THYMELEAF][restartedMain] Template Mode 'LEGACYHTML5' is deprecated. Using Template Mode 'HTML' instead.
2020-08-03 17:51:52.185  INFO 7644 --- [restartedMain] o.s.b.d.a.OptionalLiveReloadServer       : LiveReload server is running on port 35729
2020-08-03 17:51:52.228  INFO 7644 --- [restartedMain] o.s.b.w.embedded.tomcat.TomcatWebServer  : Tomcat started on port(s): 8080 (http) with context path ''
2020-08-03 17:51:52.231  INFO 7644 --- [restartedMain] com.xl.xlblog.XlBlogApplication          : Started XlBlogApplication in 4.159 seconds (JVM running for 5.467)
2020-08-03 17:52:01.029  INFO 7644 --- [http-nio-8080-exec-1] o.a.c.c.C.[Tomcat].[localhost].[/]       : Initializing Spring DispatcherServlet 'dispatcherServlet'
2020-08-03 17:52:01.029  INFO 7644 --- [http-nio-8080-exec-1] o.s.web.servlet.DispatcherServlet        : Initializing Servlet 'dispatcherServlet'
2020-08-03 17:52:01.040  INFO 7644 --- [http-nio-8080-exec-1] o.s.web.servlet.DispatcherServlet        : Completed initialization in 11 ms
2020-08-03 17:52:01.078  INFO 7644 --- [http-nio-8080-exec-2] com.xl.xlblog.aspecct.LogAspect          : ------requestLog :RequestLog(ip=0:0:0:0:0:0:0:1, url=http://localhost:8080/admin/loginHtml, classMethod=com.xl.xlblog.controller.admincontroller.AdminController.loginHtml, args=[], result=admin/login)-----------
2020-08-03 17:59:31.900  INFO 7644 --- [Thread-12] o.s.s.concurrent.ThreadPoolTaskExecutor  : Shutting down ExecutorService 'applicationTaskExecutor'
2020-08-03 17:59:31.901  INFO 7644 --- [Thread-12] com.alibaba.druid.pool.DruidDataSource   : {dataSource-1} closing ...
2020-08-03 17:59:31.903  INFO 7644 --- [Thread-12] com.alibaba.druid.pool.DruidDataSource   : {dataSource-1} closed
2020-08-03 17:59:32.511  INFO 7644 --- [restartedMain] com.xl.xlblog.XlBlogApplication          : Starting XlBlogApplication on DESKTOP-10O358N with PID 7644 (F:\javaProject\xl-blog\target\classes started by Mypc in F:\javaProject\xl-blog)
2020-08-03 17:59:32.512  INFO 7644 --- [restartedMain] com.xl.xlblog.XlBlogApplication          : No active profile set, falling back to default profiles: default
2020-08-03 17:59:33.208  INFO 7644 --- [restartedMain] o.s.b.w.embedded.tomcat.TomcatWebServer  : Tomcat initialized with port(s): 8080 (http)
2020-08-03 17:59:33.210  INFO 7644 --- [restartedMain] o.apache.catalina.core.StandardService   : Starting service [Tomcat]
2020-08-03 17:59:33.211  INFO 7644 --- [restartedMain] org.apache.catalina.core.StandardEngine  : Starting Servlet engine: [Apache Tomcat/9.0.33]
2020-08-03 17:59:33.243  INFO 7644 --- [restartedMain] o.a.c.c.C.[Tomcat].[localhost].[/]       : Initializing Spring embedded WebApplicationContext
2020-08-03 17:59:33.243  INFO 7644 --- [restartedMain] o.s.web.context.ContextLoader            : Root WebApplicationContext: initialization completed in 714 ms
2020-08-03 17:59:33.279  INFO 7644 --- [restartedMain] c.a.d.s.b.a.DruidDataSourceAutoConfigure : Init DruidDataSource
2020-08-03 17:59:33.448  INFO 7644 --- [restartedMain] com.alibaba.druid.pool.DruidDataSource   : {dataSource-2} inited
2020-08-03 17:59:33.617  INFO 7644 --- [restartedMain] o.s.s.concurrent.ThreadPoolTaskExecutor  : Initializing ExecutorService 'applicationTaskExecutor'
2020-08-03 17:59:33.654  INFO 7644 --- [restartedMain] o.s.b.a.w.s.WelcomePageHandlerMapping    : Adding welcome page template: index
2020-08-03 17:59:33.683  WARN 7644 --- [restartedMain] org.thymeleaf.templatemode.TemplateMode  : [THYMELEAF][restartedMain] Template Mode 'LEGACYHTML5' is deprecated. Using Template Mode 'HTML' instead.
2020-08-03 17:59:33.794  INFO 7644 --- [restartedMain] o.s.b.d.a.OptionalLiveReloadServer       : LiveReload server is running on port 35729
2020-08-03 17:59:33.811  INFO 7644 --- [restartedMain] o.s.b.w.embedded.tomcat.TomcatWebServer  : Tomcat started on port(s): 8080 (http) with context path ''
2020-08-03 17:59:33.812  INFO 7644 --- [restartedMain] com.xl.xlblog.XlBlogApplication          : Started XlBlogApplication in 1.375 seconds (JVM running for 467.048)
2020-08-03 17:59:33.814  INFO 7644 --- [restartedMain] .ConditionEvaluationDeltaLoggingListener : Condition evaluation unchanged
2020-08-03 18:04:16.617  INFO 6244 --- [restartedMain] com.xl.xlblog.XlBlogApplication          : Starting XlBlogApplication on DESKTOP-10O358N with PID 6244 (F:\javaProject\xl-blog\target\classes started by Mypc in F:\javaProject\xl-blog)
2020-08-03 18:04:16.619  INFO 6244 --- [restartedMain] com.xl.xlblog.XlBlogApplication          : No active profile set, falling back to default profiles: default
2020-08-03 18:04:16.735  INFO 6244 --- [restartedMain] .e.DevToolsPropertyDefaultsPostProcessor : Devtools property defaults active! Set 'spring.devtools.add-properties' to 'false' to disable
2020-08-03 18:04:16.735  INFO 6244 --- [restartedMain] .e.DevToolsPropertyDefaultsPostProcessor : For additional web related logging consider setting the 'logging.level.web' property to 'DEBUG'
2020-08-03 18:04:18.514  INFO 6244 --- [restartedMain] o.s.b.w.embedded.tomcat.TomcatWebServer  : Tomcat initialized with port(s): 8080 (http)
2020-08-03 18:04:18.523  INFO 6244 --- [restartedMain] o.apache.catalina.core.StandardService   : Starting service [Tomcat]
2020-08-03 18:04:18.523  INFO 6244 --- [restartedMain] org.apache.catalina.core.StandardEngine  : Starting Servlet engine: [Apache Tomcat/9.0.33]
2020-08-03 18:04:18.638  INFO 6244 --- [restartedMain] o.a.c.c.C.[Tomcat].[localhost].[/]       : Initializing Spring embedded WebApplicationContext
2020-08-03 18:04:18.638  INFO 6244 --- [restartedMain] o.s.web.context.ContextLoader            : Root WebApplicationContext: initialization completed in 1903 ms
2020-08-03 18:04:18.731  INFO 6244 --- [restartedMain] c.a.d.s.b.a.DruidDataSourceAutoConfigure : Init DruidDataSource
2020-08-03 18:04:19.877  INFO 6244 --- [restartedMain] com.alibaba.druid.pool.DruidDataSource   : {dataSource-1} inited
2020-08-03 18:04:20.084  WARN 6244 --- [restartedMain] ConfigServletWebServerApplicationContext : Exception encountered during context initialization - cancelling refresh attempt: org.springframework.beans.factory.UnsatisfiedDependencyException: Error creating bean with name 'logAspect' defined in file [F:\javaProject\xl-blog\target\classes\com\xl\xlblog\aspecct\LogAspect.class]: Unsatisfied dependency expressed through constructor parameter 0; nested exception is org.springframework.beans.factory.UnsatisfiedDependencyException: Error creating bean with name 'logServiceImpl': Unsatisfied dependency expressed through field 'logDao'; nested exception is org.springframework.beans.factory.UnsatisfiedDependencyException: Error creating bean with name 'logDao' defined in file [F:\javaProject\xl-blog\target\classes\com\xl\xlblog\mapper\LogDao.class]: Unsatisfied dependency expressed through bean property 'sqlSessionFactory'; nested exception is org.springframework.beans.factory.BeanCreationException: Error creating bean with name 'sqlSessionFactory' defined in class path resource [org/mybatis/spring/boot/autoconfigure/MybatisAutoConfiguration.class]: Bean instantiation via factory method failed; nested exception is org.springframework.beans.BeanInstantiationException: Failed to instantiate [org.apache.ibatis.session.SqlSessionFactory]: Factory method 'sqlSessionFactory' threw exception; nested exception is org.springframework.core.NestedIOException: Failed to parse mapping resource: 'file [F:\javaProject\xl-blog\target\classes\mapper\LogDao.xml]'; nested exception is org.apache.ibatis.builder.BuilderException: Error parsing Mapper XML. The XML location is 'file [F:\javaProject\xl-blog\target\classes\mapper\LogDao.xml]'. Cause: java.lang.IllegalStateException: Type handler was null on parameter mapping for property 'args'. It was either not specified and/or could not be found for the javaType ([Ljava.lang.Object;) : jdbcType (null) combination.
2020-08-03 18:04:20.084  INFO 6244 --- [restartedMain] com.alibaba.druid.pool.DruidDataSource   : {dataSource-1} closing ...
2020-08-03 18:04:20.088  INFO 6244 --- [restartedMain] com.alibaba.druid.pool.DruidDataSource   : {dataSource-1} closed
2020-08-03 18:04:20.091  INFO 6244 --- [restartedMain] o.apache.catalina.core.StandardService   : Stopping service [Tomcat]
2020-08-03 18:04:20.106  INFO 6244 --- [restartedMain] ConditionEvaluationReportLoggingListener : 

Error starting ApplicationContext. To display the conditions report re-run your application with 'debug' enabled.
2020-08-03 18:04:20.125 ERROR 6244 --- [restartedMain] o.s.boot.SpringApplication               : Application run failed

org.springframework.beans.factory.UnsatisfiedDependencyException: Error creating bean with name 'logAspect' defined in file [F:\javaProject\xl-blog\target\classes\com\xl\xlblog\aspecct\LogAspect.class]: Unsatisfied dependency expressed through constructor parameter 0; nested exception is org.springframework.beans.factory.UnsatisfiedDependencyException: Error creating bean with name 'logServiceImpl': Unsatisfied dependency expressed through field 'logDao'; nested exception is org.springframework.beans.factory.UnsatisfiedDependencyException: Error creating bean with name 'logDao' defined in file [F:\javaProject\xl-blog\target\classes\com\xl\xlblog\mapper\LogDao.class]: Unsatisfied dependency expressed through bean property 'sqlSessionFactory'; nested exception is org.springframework.beans.factory.BeanCreationException: Error creating bean with name 'sqlSessionFactory' defined in class path resource [org/mybatis/spring/boot/autoconfigure/MybatisAutoConfiguration.class]: Bean instantiation via factory method failed; nested exception is org.springframework.beans.BeanInstantiationException: Failed to instantiate [org.apache.ibatis.session.SqlSessionFactory]: Factory method 'sqlSessionFactory' threw exception; nested exception is org.springframework.core.NestedIOException: Failed to parse mapping resource: 'file [F:\javaProject\xl-blog\target\classes\mapper\LogDao.xml]'; nested exception is org.apache.ibatis.builder.BuilderException: Error parsing Mapper XML. The XML location is 'file [F:\javaProject\xl-blog\target\classes\mapper\LogDao.xml]'. Cause: java.lang.IllegalStateException: Type handler was null on parameter mapping for property 'args'. It was either not specified and/or could not be found for the javaType ([Ljava.lang.Object;) : jdbcType (null) combination.
	at org.springframework.beans.factory.support.ConstructorResolver.createArgumentArray(ConstructorResolver.java:798) ~[spring-beans-5.2.5.RELEASE.jar:5.2.5.RELEASE]
	at org.springframework.beans.factory.support.ConstructorResolver.autowireConstructor(ConstructorResolver.java:228) ~[spring-beans-5.2.5.RELEASE.jar:5.2.5.RELEASE]
	at org.springframework.beans.factory.support.AbstractAutowireCapableBeanFactory.autowireConstructor(AbstractAutowireCapableBeanFactory.java:1358) ~[spring-beans-5.2.5.RELEASE.jar:5.2.5.RELEASE]
	at org.springframework.beans.factory.support.AbstractAutowireCapableBeanFactory.createBeanInstance(AbstractAutowireCapableBeanFactory.java:1204) ~[spring-beans-5.2.5.RELEASE.jar:5.2.5.RELEASE]
	at org.springframework.beans.factory.support.AbstractAutowireCapableBeanFactory.doCreateBean(AbstractAutowireCapableBeanFactory.java:557) ~[spring-beans-5.2.5.RELEASE.jar:5.2.5.RELEASE]
	at org.springframework.beans.factory.support.AbstractAutowireCapableBeanFactory.createBean(AbstractAutowireCapableBeanFactory.java:517) ~[spring-beans-5.2.5.RELEASE.jar:5.2.5.RELEASE]
	at org.springframework.beans.factory.support.AbstractBeanFactory.lambda$doGetBean$0(AbstractBeanFactory.java:323) ~[spring-beans-5.2.5.RELEASE.jar:5.2.5.RELEASE]
	at org.springframework.beans.factory.support.DefaultSingletonBeanRegistry.getSingleton(DefaultSingletonBeanRegistry.java:222) ~[spring-beans-5.2.5.RELEASE.jar:5.2.5.RELEASE]
	at org.springframework.beans.factory.support.AbstractBeanFactory.doGetBean(AbstractBeanFactory.java:321) ~[spring-beans-5.2.5.RELEASE.jar:5.2.5.RELEASE]
	at org.springframework.beans.factory.support.AbstractBeanFactory.getBean(AbstractBeanFactory.java:202) ~[spring-beans-5.2.5.RELEASE.jar:5.2.5.RELEASE]
	at org.springframework.beans.factory.support.DefaultListableBeanFactory.preInstantiateSingletons(DefaultListableBeanFactory.java:882) ~[spring-beans-5.2.5.RELEASE.jar:5.2.5.RELEASE]
	at org.springframework.context.support.AbstractApplicationContext.finishBeanFactoryInitialization(AbstractApplicationContext.java:878) ~[spring-context-5.2.5.RELEASE.jar:5.2.5.RELEASE]
	at org.springframework.context.support.AbstractApplicationContext.refresh(AbstractApplicationContext.java:550) ~[spring-context-5.2.5.RELEASE.jar:5.2.5.RELEASE]
	at org.springframework.boot.web.servlet.context.ServletWebServerApplicationContext.refresh(ServletWebServerApplicationContext.java:141) ~[spring-boot-2.2.6.RELEASE.jar:2.2.6.RELEASE]
	at org.springframework.boot.SpringApplication.refresh(SpringApplication.java:747) [spring-boot-2.2.6.RELEASE.jar:2.2.6.RELEASE]
	at org.springframework.boot.SpringApplication.refreshContext(SpringApplication.java:397) [spring-boot-2.2.6.RELEASE.jar:2.2.6.RELEASE]
	at org.springframework.boot.SpringApplication.run(SpringApplication.java:315) [spring-boot-2.2.6.RELEASE.jar:2.2.6.RELEASE]
	at org.springframework.boot.SpringApplication.run(SpringApplication.java:1226) [spring-boot-2.2.6.RELEASE.jar:2.2.6.RELEASE]
	at org.springframework.boot.SpringApplication.run(SpringApplication.java:1215) [spring-boot-2.2.6.RELEASE.jar:2.2.6.RELEASE]
	at com.xl.xlblog.XlBlogApplication.main(XlBlogApplication.java:13) [classes/:na]
	at sun.reflect.NativeMethodAccessorImpl.invoke0(Native Method) ~[na:1.8.0_144]
	at sun.reflect.NativeMethodAccessorImpl.invoke(NativeMethodAccessorImpl.java:62) ~[na:1.8.0_144]
	at sun.reflect.DelegatingMethodAccessorImpl.invoke(DelegatingMethodAccessorImpl.java:43) ~[na:1.8.0_144]
	at java.lang.reflect.Method.invoke(Method.java:498) ~[na:1.8.0_144]
	at org.springframework.boot.devtools.restart.RestartLauncher.run(RestartLauncher.java:49) [spring-boot-devtools-2.2.6.RELEASE.jar:2.2.6.RELEASE]
Caused by: org.springframework.beans.factory.UnsatisfiedDependencyException: Error creating bean with name 'logServiceImpl': Unsatisfied dependency expressed through field 'logDao'; nested exception is org.springframework.beans.factory.UnsatisfiedDependencyException: Error creating bean with name 'logDao' defined in file [F:\javaProject\xl-blog\target\classes\com\xl\xlblog\mapper\LogDao.class]: Unsatisfied dependency expressed through bean property 'sqlSessionFactory'; nested exception is org.springframework.beans.factory.BeanCreationException: Error creating bean with name 'sqlSessionFactory' defined in class path resource [org/mybatis/spring/boot/autoconfigure/MybatisAutoConfiguration.class]: Bean instantiation via factory method failed; nested exception is org.springframework.beans.BeanInstantiationException: Failed to instantiate [org.apache.ibatis.session.SqlSessionFactory]: Factory method 'sqlSessionFactory' threw exception; nested exception is org.springframework.core.NestedIOException: Failed to parse mapping resource: 'file [F:\javaProject\xl-blog\target\classes\mapper\LogDao.xml]'; nested exception is org.apache.ibatis.builder.BuilderException: Error parsing Mapper XML. The XML location is 'file [F:\javaProject\xl-blog\target\classes\mapper\LogDao.xml]'. Cause: java.lang.IllegalStateException: Type handler was null on parameter mapping for property 'args'. It was either not specified and/or could not be found for the javaType ([Ljava.lang.Object;) : jdbcType (null) combination.
	at org.springframework.beans.factory.annotation.AutowiredAnnotationBeanPostProcessor$AutowiredFieldElement.inject(AutowiredAnnotationBeanPostProcessor.java:643) ~[spring-beans-5.2.5.RELEASE.jar:5.2.5.RELEASE]
	at org.springframework.beans.factory.annotation.InjectionMetadata.inject(InjectionMetadata.java:130) ~[spring-beans-5.2.5.RELEASE.jar:5.2.5.RELEASE]
	at org.springframework.beans.factory.annotation.AutowiredAnnotationBeanPostProcessor.postProcessProperties(AutowiredAnnotationBeanPostProcessor.java:399) ~[spring-beans-5.2.5.RELEASE.jar:5.2.5.RELEASE]
	at org.springframework.beans.factory.support.AbstractAutowireCapableBeanFactory.populateBean(AbstractAutowireCapableBeanFactory.java:1422) ~[spring-beans-5.2.5.RELEASE.jar:5.2.5.RELEASE]
	at org.springframework.beans.factory.support.AbstractAutowireCapableBeanFactory.doCreateBean(AbstractAutowireCapableBeanFactory.java:594) ~[spring-beans-5.2.5.RELEASE.jar:5.2.5.RELEASE]
	at org.springframework.beans.factory.support.AbstractAutowireCapableBeanFactory.createBean(AbstractAutowireCapableBeanFactory.java:517) ~[spring-beans-5.2.5.RELEASE.jar:5.2.5.RELEASE]
	at org.springframework.beans.factory.support.AbstractBeanFactory.lambda$doGetBean$0(AbstractBeanFactory.java:323) ~[spring-beans-5.2.5.RELEASE.jar:5.2.5.RELEASE]
	at org.springframework.beans.factory.support.DefaultSingletonBeanRegistry.getSingleton(DefaultSingletonBeanRegistry.java:222) ~[spring-beans-5.2.5.RELEASE.jar:5.2.5.RELEASE]
	at org.springframework.beans.factory.support.AbstractBeanFactory.doGetBean(AbstractBeanFactory.java:321) ~[spring-beans-5.2.5.RELEASE.jar:5.2.5.RELEASE]
	at org.springframework.beans.factory.support.AbstractBeanFactory.getBean(AbstractBeanFactory.java:202) ~[spring-beans-5.2.5.RELEASE.jar:5.2.5.RELEASE]
	at org.springframework.beans.factory.config.DependencyDescriptor.resolveCandidate(DependencyDescriptor.java:276) ~[spring-beans-5.2.5.RELEASE.jar:5.2.5.RELEASE]
	at org.springframework.beans.factory.support.DefaultListableBeanFactory.doResolveDependency(DefaultListableBeanFactory.java:1290) ~[spring-beans-5.2.5.RELEASE.jar:5.2.5.RELEASE]
	at org.springframework.beans.factory.support.DefaultListableBeanFactory.resolveDependency(DefaultListableBeanFactory.java:1210) ~[spring-beans-5.2.5.RELEASE.jar:5.2.5.RELEASE]
	at org.springframework.beans.factory.support.ConstructorResolver.resolveAutowiredArgument(ConstructorResolver.java:885) ~[spring-beans-5.2.5.RELEASE.jar:5.2.5.RELEASE]
	at org.springframework.beans.factory.support.ConstructorResolver.createArgumentArray(ConstructorResolver.java:789) ~[spring-beans-5.2.5.RELEASE.jar:5.2.5.RELEASE]
	... 24 common frames omitted
Caused by: org.springframework.beans.factory.UnsatisfiedDependencyException: Error creating bean with name 'logDao' defined in file [F:\javaProject\xl-blog\target\classes\com\xl\xlblog\mapper\LogDao.class]: Unsatisfied dependency expressed through bean property 'sqlSessionFactory'; nested exception is org.springframework.beans.factory.BeanCreationException: Error creating bean with name 'sqlSessionFactory' defined in class path resource [org/mybatis/spring/boot/autoconfigure/MybatisAutoConfiguration.class]: Bean instantiation via factory method failed; nested exception is org.springframework.beans.BeanInstantiationException: Failed to instantiate [org.apache.ibatis.session.SqlSessionFactory]: Factory method 'sqlSessionFactory' threw exception; nested exception is org.springframework.core.NestedIOException: Failed to parse mapping resource: 'file [F:\javaProject\xl-blog\target\classes\mapper\LogDao.xml]'; nested exception is org.apache.ibatis.builder.BuilderException: Error parsing Mapper XML. The XML location is 'file [F:\javaProject\xl-blog\target\classes\mapper\LogDao.xml]'. Cause: java.lang.IllegalStateException: Type handler was null on parameter mapping for property 'args'. It was either not specified and/or could not be found for the javaType ([Ljava.lang.Object;) : jdbcType (null) combination.
	at org.springframework.beans.factory.support.AbstractAutowireCapableBeanFactory.autowireByType(AbstractAutowireCapableBeanFactory.java:1526) ~[spring-beans-5.2.5.RELEASE.jar:5.2.5.RELEASE]
	at org.springframework.beans.factory.support.AbstractAutowireCapableBeanFactory.populateBean(AbstractAutowireCapableBeanFactory.java:1406) ~[spring-beans-5.2.5.RELEASE.jar:5.2.5.RELEASE]
	at org.springframework.beans.factory.support.AbstractAutowireCapableBeanFactory.doCreateBean(AbstractAutowireCapableBeanFactory.java:594) ~[spring-beans-5.2.5.RELEASE.jar:5.2.5.RELEASE]
	at org.springframework.beans.factory.support.AbstractAutowireCapableBeanFactory.createBean(AbstractAutowireCapableBeanFactory.java:517) ~[spring-beans-5.2.5.RELEASE.jar:5.2.5.RELEASE]
	at org.springframework.beans.factory.support.AbstractBeanFactory.lambda$doGetBean$0(AbstractBeanFactory.java:323) ~[spring-beans-5.2.5.RELEASE.jar:5.2.5.RELEASE]
	at org.springframework.beans.factory.support.DefaultSingletonBeanRegistry.getSingleton(DefaultSingletonBeanRegistry.java:222) ~[spring-beans-5.2.5.RELEASE.jar:5.2.5.RELEASE]
	at org.springframework.beans.factory.support.AbstractBeanFactory.doGetBean(AbstractBeanFactory.java:321) ~[spring-beans-5.2.5.RELEASE.jar:5.2.5.RELEASE]
	at org.springframework.beans.factory.support.AbstractBeanFactory.getBean(AbstractBeanFactory.java:202) ~[spring-beans-5.2.5.RELEASE.jar:5.2.5.RELEASE]
	at org.springframework.beans.factory.config.DependencyDescriptor.resolveCandidate(DependencyDescriptor.java:276) ~[spring-beans-5.2.5.RELEASE.jar:5.2.5.RELEASE]
	at org.springframework.beans.factory.support.DefaultListableBeanFactory.doResolveDependency(DefaultListableBeanFactory.java:1290) ~[spring-beans-5.2.5.RELEASE.jar:5.2.5.RELEASE]
	at org.springframework.beans.factory.support.DefaultListableBeanFactory.resolveDependency(DefaultListableBeanFactory.java:1210) ~[spring-beans-5.2.5.RELEASE.jar:5.2.5.RELEASE]
	at org.springframework.beans.factory.annotation.AutowiredAnnotationBeanPostProcessor$AutowiredFieldElement.inject(AutowiredAnnotationBeanPostProcessor.java:640) ~[spring-beans-5.2.5.RELEASE.jar:5.2.5.RELEASE]
	... 38 common frames omitted
Caused by: org.springframework.beans.factory.BeanCreationException: Error creating bean with name 'sqlSessionFactory' defined in class path resource [org/mybatis/spring/boot/autoconfigure/MybatisAutoConfiguration.class]: Bean instantiation via factory method failed; nested exception is org.springframework.beans.BeanInstantiationException: Failed to instantiate [org.apache.ibatis.session.SqlSessionFactory]: Factory method 'sqlSessionFactory' threw exception; nested exception is org.springframework.core.NestedIOException: Failed to parse mapping resource: 'file [F:\javaProject\xl-blog\target\classes\mapper\LogDao.xml]'; nested exception is org.apache.ibatis.builder.BuilderException: Error parsing Mapper XML. The XML location is 'file [F:\javaProject\xl-blog\target\classes\mapper\LogDao.xml]'. Cause: java.lang.IllegalStateException: Type handler was null on parameter mapping for property 'args'. It was either not specified and/or could not be found for the javaType ([Ljava.lang.Object;) : jdbcType (null) combination.
	at org.springframework.beans.factory.support.ConstructorResolver.instantiate(ConstructorResolver.java:656) ~[spring-beans-5.2.5.RELEASE.jar:5.2.5.RELEASE]
	at org.springframework.beans.factory.support.ConstructorResolver.instantiateUsingFactoryMethod(ConstructorResolver.java:636) ~[spring-beans-5.2.5.RELEASE.jar:5.2.5.RELEASE]
	at org.springframework.beans.factory.support.AbstractAutowireCapableBeanFactory.instantiateUsingFactoryMethod(AbstractAutowireCapableBeanFactory.java:1338) ~[spring-beans-5.2.5.RELEASE.jar:5.2.5.RELEASE]
	at org.springframework.beans.factory.support.AbstractAutowireCapableBeanFactory.createBeanInstance(AbstractAutowireCapableBeanFactory.java:1177) ~[spring-beans-5.2.5.RELEASE.jar:5.2.5.RELEASE]
	at org.springframework.beans.factory.support.AbstractAutowireCapableBeanFactory.doCreateBean(AbstractAutowireCapableBeanFactory.java:557) ~[spring-beans-5.2.5.RELEASE.jar:5.2.5.RELEASE]
	at org.springframework.beans.factory.support.AbstractAutowireCapableBeanFactory.createBean(AbstractAutowireCapableBeanFactory.java:517) ~[spring-beans-5.2.5.RELEASE.jar:5.2.5.RELEASE]
	at org.springframework.beans.factory.support.AbstractBeanFactory.lambda$doGetBean$0(AbstractBeanFactory.java:323) ~[spring-beans-5.2.5.RELEASE.jar:5.2.5.RELEASE]
	at org.springframework.beans.factory.support.DefaultSingletonBeanRegistry.getSingleton(DefaultSingletonBeanRegistry.java:222) ~[spring-beans-5.2.5.RELEASE.jar:5.2.5.RELEASE]
	at org.springframework.beans.factory.support.AbstractBeanFactory.doGetBean(AbstractBeanFactory.java:321) ~[spring-beans-5.2.5.RELEASE.jar:5.2.5.RELEASE]
	at org.springframework.beans.factory.support.AbstractBeanFactory.getBean(AbstractBeanFactory.java:202) ~[spring-beans-5.2.5.RELEASE.jar:5.2.5.RELEASE]
	at org.springframework.beans.factory.config.DependencyDescriptor.resolveCandidate(DependencyDescriptor.java:276) ~[spring-beans-5.2.5.RELEASE.jar:5.2.5.RELEASE]
	at org.springframework.beans.factory.support.DefaultListableBeanFactory.doResolveDependency(DefaultListableBeanFactory.java:1290) ~[spring-beans-5.2.5.RELEASE.jar:5.2.5.RELEASE]
	at org.springframework.beans.factory.support.DefaultListableBeanFactory.resolveDependency(DefaultListableBeanFactory.java:1210) ~[spring-beans-5.2.5.RELEASE.jar:5.2.5.RELEASE]
	at org.springframework.beans.factory.support.AbstractAutowireCapableBeanFactory.autowireByType(AbstractAutowireCapableBeanFactory.java:1511) ~[spring-beans-5.2.5.RELEASE.jar:5.2.5.RELEASE]
	... 49 common frames omitted
Caused by: org.springframework.beans.BeanInstantiationException: Failed to instantiate [org.apache.ibatis.session.SqlSessionFactory]: Factory method 'sqlSessionFactory' threw exception; nested exception is org.springframework.core.NestedIOException: Failed to parse mapping resource: 'file [F:\javaProject\xl-blog\target\classes\mapper\LogDao.xml]'; nested exception is org.apache.ibatis.builder.BuilderException: Error parsing Mapper XML. The XML location is 'file [F:\javaProject\xl-blog\target\classes\mapper\LogDao.xml]'. Cause: java.lang.IllegalStateException: Type handler was null on parameter mapping for property 'args'. It was either not specified and/or could not be found for the javaType ([Ljava.lang.Object;) : jdbcType (null) combination.
	at org.springframework.beans.factory.support.SimpleInstantiationStrategy.instantiate(SimpleInstantiationStrategy.java:185) ~[spring-beans-5.2.5.RELEASE.jar:5.2.5.RELEASE]
	at org.springframework.beans.factory.support.ConstructorResolver.instantiate(ConstructorResolver.java:651) ~[spring-beans-5.2.5.RELEASE.jar:5.2.5.RELEASE]
	... 62 common frames omitted
Caused by: org.springframework.core.NestedIOException: Failed to parse mapping resource: 'file [F:\javaProject\xl-blog\target\classes\mapper\LogDao.xml]'; nested exception is org.apache.ibatis.builder.BuilderException: Error parsing Mapper XML. The XML location is 'file [F:\javaProject\xl-blog\target\classes\mapper\LogDao.xml]'. Cause: java.lang.IllegalStateException: Type handler was null on parameter mapping for property 'args'. It was either not specified and/or could not be found for the javaType ([Ljava.lang.Object;) : jdbcType (null) combination.
	at org.mybatis.spring.SqlSessionFactoryBean.buildSqlSessionFactory(SqlSessionFactoryBean.java:595) ~[mybatis-spring-2.0.4.jar:2.0.4]
	at org.mybatis.spring.SqlSessionFactoryBean.afterPropertiesSet(SqlSessionFactoryBean.java:475) ~[mybatis-spring-2.0.4.jar:2.0.4]
	at org.mybatis.spring.SqlSessionFactoryBean.getObject(SqlSessionFactoryBean.java:615) ~[mybatis-spring-2.0.4.jar:2.0.4]
	at org.mybatis.spring.boot.autoconfigure.MybatisAutoConfiguration.sqlSessionFactory(MybatisAutoConfiguration.java:180) ~[mybatis-spring-boot-autoconfigure-2.1.2.jar:2.1.2]
	at org.mybatis.spring.boot.autoconfigure.MybatisAutoConfiguration$$EnhancerBySpringCGLIB$$981b57de.CGLIB$sqlSessionFactory$1(<generated>) ~[mybatis-spring-boot-autoconfigure-2.1.2.jar:2.1.2]
	at org.mybatis.spring.boot.autoconfigure.MybatisAutoConfiguration$$EnhancerBySpringCGLIB$$981b57de$$FastClassBySpringCGLIB$$db869281.invoke(<generated>) ~[mybatis-spring-boot-autoconfigure-2.1.2.jar:2.1.2]
	at org.springframework.cglib.proxy.MethodProxy.invokeSuper(MethodProxy.java:244) ~[spring-core-5.2.5.RELEASE.jar:5.2.5.RELEASE]
	at org.springframework.context.annotation.ConfigurationClassEnhancer$BeanMethodInterceptor.intercept(ConfigurationClassEnhancer.java:331) ~[spring-context-5.2.5.RELEASE.jar:5.2.5.RELEASE]
	at org.mybatis.spring.boot.autoconfigure.MybatisAutoConfiguration$$EnhancerBySpringCGLIB$$981b57de.sqlSessionFactory(<generated>) ~[mybatis-spring-boot-autoconfigure-2.1.2.jar:2.1.2]
	at sun.reflect.NativeMethodAccessorImpl.invoke0(Native Method) ~[na:1.8.0_144]
	at sun.reflect.NativeMethodAccessorImpl.invoke(NativeMethodAccessorImpl.java:62) ~[na:1.8.0_144]
	at sun.reflect.DelegatingMethodAccessorImpl.invoke(DelegatingMethodAccessorImpl.java:43) ~[na:1.8.0_144]
	at java.lang.reflect.Method.invoke(Method.java:498) ~[na:1.8.0_144]
	at org.springframework.beans.factory.support.SimpleInstantiationStrategy.instantiate(SimpleInstantiationStrategy.java:154) ~[spring-beans-5.2.5.RELEASE.jar:5.2.5.RELEASE]
	... 63 common frames omitted
Caused by: org.apache.ibatis.builder.BuilderException: Error parsing Mapper XML. The XML location is 'file [F:\javaProject\xl-blog\target\classes\mapper\LogDao.xml]'. Cause: java.lang.IllegalStateException: Type handler was null on parameter mapping for property 'args'. It was either not specified and/or could not be found for the javaType ([Ljava.lang.Object;) : jdbcType (null) combination.
	at org.apache.ibatis.builder.xml.XMLMapperBuilder.configurationElement(XMLMapperBuilder.java:122) ~[mybatis-3.5.4.jar:3.5.4]
	at org.apache.ibatis.builder.xml.XMLMapperBuilder.parse(XMLMapperBuilder.java:94) ~[mybatis-3.5.4.jar:3.5.4]
	at org.mybatis.spring.SqlSessionFactoryBean.buildSqlSessionFactory(SqlSessionFactoryBean.java:593) ~[mybatis-spring-2.0.4.jar:2.0.4]
	... 76 common frames omitted
Caused by: java.lang.IllegalStateException: Type handler was null on parameter mapping for property 'args'. It was either not specified and/or could not be found for the javaType ([Ljava.lang.Object;) : jdbcType (null) combination.
	at org.apache.ibatis.mapping.ParameterMapping$Builder.validate(ParameterMapping.java:119) ~[mybatis-3.5.4.jar:3.5.4]
	at org.apache.ibatis.mapping.ParameterMapping$Builder.build(ParameterMapping.java:104) ~[mybatis-3.5.4.jar:3.5.4]
	at org.apache.ibatis.builder.SqlSourceBuilder$ParameterMappingTokenHandler.buildParameterMapping(SqlSourceBuilder.java:123) ~[mybatis-3.5.4.jar:3.5.4]
	at org.apache.ibatis.builder.SqlSourceBuilder$ParameterMappingTokenHandler.handleToken(SqlSourceBuilder.java:67) ~[mybatis-3.5.4.jar:3.5.4]
	at org.apache.ibatis.parsing.GenericTokenParser.parse(GenericTokenParser.java:77) ~[mybatis-3.5.4.jar:3.5.4]
	at org.apache.ibatis.builder.SqlSourceBuilder.parse(SqlSourceBuilder.java:45) ~[mybatis-3.5.4.jar:3.5.4]
	at org.apache.ibatis.scripting.defaults.RawSqlSource.<init>(RawSqlSource.java:46) ~[mybatis-3.5.4.jar:3.5.4]
	at org.apache.ibatis.scripting.defaults.RawSqlSource.<init>(RawSqlSource.java:40) ~[mybatis-3.5.4.jar:3.5.4]
	at org.apache.ibatis.scripting.xmltags.XMLScriptBuilder.parseScriptNode(XMLScriptBuilder.java:72) ~[mybatis-3.5.4.jar:3.5.4]
	at org.apache.ibatis.scripting.xmltags.XMLLanguageDriver.createSqlSource(XMLLanguageDriver.java:44) ~[mybatis-3.5.4.jar:3.5.4]
	at org.apache.ibatis.builder.xml.XMLStatementBuilder.parseStatementNode(XMLStatementBuilder.java:96) ~[mybatis-3.5.4.jar:3.5.4]
	at org.apache.ibatis.builder.xml.XMLMapperBuilder.buildStatementFromContext(XMLMapperBuilder.java:137) ~[mybatis-3.5.4.jar:3.5.4]
	at org.apache.ibatis.builder.xml.XMLMapperBuilder.buildStatementFromContext(XMLMapperBuilder.java:130) ~[mybatis-3.5.4.jar:3.5.4]
	at org.apache.ibatis.builder.xml.XMLMapperBuilder.configurationElement(XMLMapperBuilder.java:120) ~[mybatis-3.5.4.jar:3.5.4]
	... 78 common frames omitted

2020-08-03 18:05:21.969  INFO 7128 --- [restartedMain] com.xl.xlblog.XlBlogApplication          : Starting XlBlogApplication on DESKTOP-10O358N with PID 7128 (F:\javaProject\xl-blog\target\classes started by Mypc in F:\javaProject\xl-blog)
2020-08-03 18:05:21.972  INFO 7128 --- [restartedMain] com.xl.xlblog.XlBlogApplication          : No active profile set, falling back to default profiles: default
2020-08-03 18:05:22.025  INFO 7128 --- [restartedMain] .e.DevToolsPropertyDefaultsPostProcessor : Devtools property defaults active! Set 'spring.devtools.add-properties' to 'false' to disable
2020-08-03 18:05:22.025  INFO 7128 --- [restartedMain] .e.DevToolsPropertyDefaultsPostProcessor : For additional web related logging consider setting the 'logging.level.web' property to 'DEBUG'
2020-08-03 18:05:23.284  INFO 7128 --- [restartedMain] o.s.b.w.embedded.tomcat.TomcatWebServer  : Tomcat initialized with port(s): 8080 (http)
2020-08-03 18:05:23.291  INFO 7128 --- [restartedMain] o.apache.catalina.core.StandardService   : Starting service [Tomcat]
2020-08-03 18:05:23.291  INFO 7128 --- [restartedMain] org.apache.catalina.core.StandardEngine  : Starting Servlet engine: [Apache Tomcat/9.0.33]
2020-08-03 18:05:23.369  INFO 7128 --- [restartedMain] o.a.c.c.C.[Tomcat].[localhost].[/]       : Initializing Spring embedded WebApplicationContext
2020-08-03 18:05:23.369  INFO 7128 --- [restartedMain] o.s.web.context.ContextLoader            : Root WebApplicationContext: initialization completed in 1343 ms
2020-08-03 18:05:23.448  INFO 7128 --- [restartedMain] c.a.d.s.b.a.DruidDataSourceAutoConfigure : Init DruidDataSource
2020-08-03 18:05:24.362  INFO 7128 --- [restartedMain] com.alibaba.druid.pool.DruidDataSource   : {dataSource-1} inited
2020-08-03 18:05:24.770  INFO 7128 --- [restartedMain] o.s.s.concurrent.ThreadPoolTaskExecutor  : Initializing ExecutorService 'applicationTaskExecutor'
2020-08-03 18:05:24.857  INFO 7128 --- [restartedMain] o.s.b.a.w.s.WelcomePageHandlerMapping    : Adding welcome page template: index
2020-08-03 18:05:24.915  WARN 7128 --- [restartedMain] org.thymeleaf.templatemode.TemplateMode  : [THYMELEAF][restartedMain] Template Mode 'LEGACYHTML5' is deprecated. Using Template Mode 'HTML' instead.
2020-08-03 18:05:25.106  INFO 7128 --- [restartedMain] o.s.b.d.a.OptionalLiveReloadServer       : LiveReload server is running on port 35729
2020-08-03 18:05:25.148  INFO 7128 --- [restartedMain] o.s.b.w.embedded.tomcat.TomcatWebServer  : Tomcat started on port(s): 8080 (http) with context path ''
2020-08-03 18:05:25.151  INFO 7128 --- [restartedMain] com.xl.xlblog.XlBlogApplication          : Started XlBlogApplication in 3.596 seconds (JVM running for 4.62)
2020-08-03 18:05:33.539  INFO 7128 --- [http-nio-8080-exec-1] o.a.c.c.C.[Tomcat].[localhost].[/]       : Initializing Spring DispatcherServlet 'dispatcherServlet'
2020-08-03 18:05:33.540  INFO 7128 --- [http-nio-8080-exec-1] o.s.web.servlet.DispatcherServlet        : Initializing Servlet 'dispatcherServlet'
2020-08-03 18:05:33.548  INFO 7128 --- [http-nio-8080-exec-1] o.s.web.servlet.DispatcherServlet        : Completed initialization in 8 ms
2020-08-03 18:05:33.583  INFO 7128 --- [http-nio-8080-exec-2] com.xl.xlblog.aspecct.LogAspect          : ------requestLog :RequestLog(ip=0:0:0:0:0:0:0:1, url=http://localhost:8080/admin/loginHtml, classMethod=com.xl.xlblog.controller.admincontroller.AdminController.loginHtml, args=[], result=admin/login)-----------
2020-08-03 18:08:17.042  INFO 16172 --- [restartedMain] com.xl.xlblog.XlBlogApplication          : Starting XlBlogApplication on DESKTOP-10O358N with PID 16172 (F:\javaProject\xl-blog\target\classes started by Mypc in F:\javaProject\xl-blog)
2020-08-03 18:08:17.048  INFO 16172 --- [restartedMain] com.xl.xlblog.XlBlogApplication          : No active profile set, falling back to default profiles: default
2020-08-03 18:08:17.214  INFO 16172 --- [restartedMain] .e.DevToolsPropertyDefaultsPostProcessor : Devtools property defaults active! Set 'spring.devtools.add-properties' to 'false' to disable
2020-08-03 18:08:17.215  INFO 16172 --- [restartedMain] .e.DevToolsPropertyDefaultsPostProcessor : For additional web related logging consider setting the 'logging.level.web' property to 'DEBUG'
2020-08-03 18:08:18.630  INFO 16172 --- [restartedMain] o.s.b.w.embedded.tomcat.TomcatWebServer  : Tomcat initialized with port(s): 8080 (http)
2020-08-03 18:08:18.641  INFO 16172 --- [restartedMain] o.apache.catalina.core.StandardService   : Starting service [Tomcat]
2020-08-03 18:08:18.642  INFO 16172 --- [restartedMain] org.apache.catalina.core.StandardEngine  : Starting Servlet engine: [Apache Tomcat/9.0.33]
2020-08-03 18:08:18.757  INFO 16172 --- [restartedMain] o.a.c.c.C.[Tomcat].[localhost].[/]       : Initializing Spring embedded WebApplicationContext
2020-08-03 18:08:18.757  INFO 16172 --- [restartedMain] o.s.web.context.ContextLoader            : Root WebApplicationContext: initialization completed in 1540 ms
2020-08-03 18:08:18.885  INFO 16172 --- [restartedMain] c.a.d.s.b.a.DruidDataSourceAutoConfigure : Init DruidDataSource
2020-08-03 18:08:19.818  INFO 16172 --- [restartedMain] com.alibaba.druid.pool.DruidDataSource   : {dataSource-1} inited
2020-08-03 18:08:20.376  INFO 16172 --- [restartedMain] o.s.s.concurrent.ThreadPoolTaskExecutor  : Initializing ExecutorService 'applicationTaskExecutor'
2020-08-03 18:08:20.464  INFO 16172 --- [restartedMain] o.s.b.a.w.s.WelcomePageHandlerMapping    : Adding welcome page template: index
2020-08-03 18:08:20.538  WARN 16172 --- [restartedMain] org.thymeleaf.templatemode.TemplateMode  : [THYMELEAF][restartedMain] Template Mode 'LEGACYHTML5' is deprecated. Using Template Mode 'HTML' instead.
2020-08-03 18:08:20.864  INFO 16172 --- [restartedMain] o.s.b.d.a.OptionalLiveReloadServer       : LiveReload server is running on port 35729
2020-08-03 18:08:20.918  INFO 16172 --- [restartedMain] o.s.b.w.embedded.tomcat.TomcatWebServer  : Tomcat started on port(s): 8080 (http) with context path ''
2020-08-03 18:08:20.924  INFO 16172 --- [restartedMain] com.xl.xlblog.XlBlogApplication          : Started XlBlogApplication in 4.661 seconds (JVM running for 6.649)
2020-08-03 18:08:22.795  INFO 16172 --- [http-nio-8080-exec-2] o.a.c.c.C.[Tomcat].[localhost].[/]       : Initializing Spring DispatcherServlet 'dispatcherServlet'
2020-08-03 18:08:22.796  INFO 16172 --- [http-nio-8080-exec-2] o.s.web.servlet.DispatcherServlet        : Initializing Servlet 'dispatcherServlet'
2020-08-03 18:08:22.807  INFO 16172 --- [http-nio-8080-exec-2] o.s.web.servlet.DispatcherServlet        : Completed initialization in 11 ms
2020-08-03 18:08:35.177  INFO 16172 --- [http-nio-8080-exec-2] com.xl.xlblog.aspecct.LogAspect          : ------requestLog :RequestLog(ip=0:0:0:0:0:0:0:1, url=http://localhost:8080/admin/loginHtml, classMethod=com.xl.xlblog.controller.admincontroller.AdminController.loginHtml, args=[], result=admin/login)-----------
2020-08-03 18:09:45.724  INFO 16172 --- [Thread-14] o.s.s.concurrent.ThreadPoolTaskExecutor  : Shutting down ExecutorService 'applicationTaskExecutor'
2020-08-03 18:09:45.726  INFO 16172 --- [Thread-14] com.alibaba.druid.pool.DruidDataSource   : {dataSource-1} closing ...
2020-08-03 18:09:45.730  INFO 16172 --- [Thread-14] com.alibaba.druid.pool.DruidDataSource   : {dataSource-1} closed
2020-08-03 18:09:46.329  INFO 16172 --- [restartedMain] com.xl.xlblog.XlBlogApplication          : Starting XlBlogApplication on DESKTOP-10O358N with PID 16172 (F:\javaProject\xl-blog\target\classes started by Mypc in F:\javaProject\xl-blog)
2020-08-03 18:09:46.330  INFO 16172 --- [restartedMain] com.xl.xlblog.XlBlogApplication          : No active profile set, falling back to default profiles: default
2020-08-03 18:09:46.776  INFO 16172 --- [restartedMain] o.s.b.w.embedded.tomcat.TomcatWebServer  : Tomcat initialized with port(s): 8080 (http)
2020-08-03 18:09:46.777  INFO 16172 --- [restartedMain] o.apache.catalina.core.StandardService   : Starting service [Tomcat]
2020-08-03 18:09:46.777  INFO 16172 --- [restartedMain] org.apache.catalina.core.StandardEngine  : Starting Servlet engine: [Apache Tomcat/9.0.33]
2020-08-03 18:09:46.821  INFO 16172 --- [restartedMain] o.a.c.c.C.[Tomcat].[localhost].[/]       : Initializing Spring embedded WebApplicationContext
2020-08-03 18:09:46.822  INFO 16172 --- [restartedMain] o.s.web.context.ContextLoader            : Root WebApplicationContext: initialization completed in 489 ms
2020-08-03 18:09:46.872  INFO 16172 --- [restartedMain] c.a.d.s.b.a.DruidDataSourceAutoConfigure : Init DruidDataSource
2020-08-03 18:09:47.036  INFO 16172 --- [restartedMain] com.alibaba.druid.pool.DruidDataSource   : {dataSource-2} inited
2020-08-03 18:09:47.261  INFO 16172 --- [restartedMain] o.s.s.concurrent.ThreadPoolTaskExecutor  : Initializing ExecutorService 'applicationTaskExecutor'
2020-08-03 18:09:47.297  INFO 16172 --- [restartedMain] o.s.b.a.w.s.WelcomePageHandlerMapping    : Adding welcome page template: index
2020-08-03 18:09:47.336  WARN 16172 --- [restartedMain] org.thymeleaf.templatemode.TemplateMode  : [THYMELEAF][restartedMain] Template Mode 'LEGACYHTML5' is deprecated. Using Template Mode 'HTML' instead.
2020-08-03 18:09:47.553  INFO 16172 --- [restartedMain] o.s.b.d.a.OptionalLiveReloadServer       : LiveReload server is running on port 35729
2020-08-03 18:09:47.573  INFO 16172 --- [restartedMain] o.s.b.w.embedded.tomcat.TomcatWebServer  : Tomcat started on port(s): 8080 (http) with context path ''
2020-08-03 18:09:47.574  INFO 16172 --- [restartedMain] com.xl.xlblog.XlBlogApplication          : Started XlBlogApplication in 1.278 seconds (JVM running for 93.299)
2020-08-03 18:09:47.576  INFO 16172 --- [restartedMain] .ConditionEvaluationDeltaLoggingListener : Condition evaluation unchanged
2020-08-03 18:10:09.169  INFO 16172 --- [SpringContextShutdownHook] o.s.s.concurrent.ThreadPoolTaskExecutor  : Shutting down ExecutorService 'applicationTaskExecutor'
2020-08-03 18:10:09.170  INFO 16172 --- [SpringContextShutdownHook] com.alibaba.druid.pool.DruidDataSource   : {dataSource-2} closing ...
2020-08-03 18:10:09.176  INFO 16172 --- [SpringContextShutdownHook] com.alibaba.druid.pool.DruidDataSource   : {dataSource-2} closed
2020-08-03 18:10:16.541  INFO 12200 --- [restartedMain] com.xl.xlblog.XlBlogApplication          : Starting XlBlogApplication on DESKTOP-10O358N with PID 12200 (F:\javaProject\xl-blog\target\classes started by Mypc in F:\javaProject\xl-blog)
2020-08-03 18:10:16.546  INFO 12200 --- [restartedMain] com.xl.xlblog.XlBlogApplication          : No active profile set, falling back to default profiles: default
2020-08-03 18:10:16.610  INFO 12200 --- [restartedMain] .e.DevToolsPropertyDefaultsPostProcessor : Devtools property defaults active! Set 'spring.devtools.add-properties' to 'false' to disable
2020-08-03 18:10:16.611  INFO 12200 --- [restartedMain] .e.DevToolsPropertyDefaultsPostProcessor : For additional web related logging consider setting the 'logging.level.web' property to 'DEBUG'
2020-08-03 18:10:18.280  INFO 12200 --- [restartedMain] o.s.b.w.embedded.tomcat.TomcatWebServer  : Tomcat initialized with port(s): 8080 (http)
2020-08-03 18:10:18.290  INFO 12200 --- [restartedMain] o.apache.catalina.core.StandardService   : Starting service [Tomcat]
2020-08-03 18:10:18.291  INFO 12200 --- [restartedMain] org.apache.catalina.core.StandardEngine  : Starting Servlet engine: [Apache Tomcat/9.0.33]
2020-08-03 18:10:18.384  INFO 12200 --- [restartedMain] o.a.c.c.C.[Tomcat].[localhost].[/]       : Initializing Spring embedded WebApplicationContext
2020-08-03 18:10:18.384  INFO 12200 --- [restartedMain] o.s.web.context.ContextLoader            : Root WebApplicationContext: initialization completed in 1772 ms
2020-08-03 18:10:18.510  INFO 12200 --- [restartedMain] c.a.d.s.b.a.DruidDataSourceAutoConfigure : Init DruidDataSource
2020-08-03 18:10:19.396  INFO 12200 --- [restartedMain] com.alibaba.druid.pool.DruidDataSource   : {dataSource-1} inited
2020-08-03 18:10:19.896  INFO 12200 --- [restartedMain] o.s.s.concurrent.ThreadPoolTaskExecutor  : Initializing ExecutorService 'applicationTaskExecutor'
2020-08-03 18:10:19.987  INFO 12200 --- [restartedMain] o.s.b.a.w.s.WelcomePageHandlerMapping    : Adding welcome page template: index
2020-08-03 18:10:20.057  WARN 12200 --- [restartedMain] org.thymeleaf.templatemode.TemplateMode  : [THYMELEAF][restartedMain] Template Mode 'LEGACYHTML5' is deprecated. Using Template Mode 'HTML' instead.
2020-08-03 18:10:20.283  INFO 12200 --- [restartedMain] o.s.b.d.a.OptionalLiveReloadServer       : LiveReload server is running on port 35729
2020-08-03 18:10:20.334  INFO 12200 --- [restartedMain] o.s.b.w.embedded.tomcat.TomcatWebServer  : Tomcat started on port(s): 8080 (http) with context path ''
2020-08-03 18:10:20.337  INFO 12200 --- [restartedMain] com.xl.xlblog.XlBlogApplication          : Started XlBlogApplication in 4.361 seconds (JVM running for 5.685)
2020-08-03 18:10:29.243  INFO 12200 --- [http-nio-8080-exec-1] o.a.c.c.C.[Tomcat].[localhost].[/]       : Initializing Spring DispatcherServlet 'dispatcherServlet'
2020-08-03 18:10:29.243  INFO 12200 --- [http-nio-8080-exec-1] o.s.web.servlet.DispatcherServlet        : Initializing Servlet 'dispatcherServlet'
2020-08-03 18:10:29.256  INFO 12200 --- [http-nio-8080-exec-1] o.s.web.servlet.DispatcherServlet        : Completed initialization in 13 ms
2020-08-03 18:10:32.617  INFO 12200 --- [http-nio-8080-exec-1] com.xl.xlblog.aspecct.LogAspect          : ------requestLog :RequestLog(ip=0:0:0:0:0:0:0:1, url=http://localhost:8080/admin/loginHtml, classMethod=com.xl.xlblog.controller.admincontroller.AdminController.loginHtml, args=[], result=admin/login)-----------
2020-08-03 18:11:42.201  INFO 12200 --- [Thread-14] o.s.s.concurrent.ThreadPoolTaskExecutor  : Shutting down ExecutorService 'applicationTaskExecutor'
2020-08-03 18:11:42.202  INFO 12200 --- [Thread-14] com.alibaba.druid.pool.DruidDataSource   : {dataSource-1} closing ...
2020-08-03 18:11:42.205  INFO 12200 --- [Thread-14] com.alibaba.druid.pool.DruidDataSource   : {dataSource-1} closed
2020-08-03 18:11:42.920  INFO 12200 --- [restartedMain] com.xl.xlblog.XlBlogApplication          : Starting XlBlogApplication on DESKTOP-10O358N with PID 12200 (F:\javaProject\xl-blog\target\classes started by Mypc in F:\javaProject\xl-blog)
2020-08-03 18:11:42.920  INFO 12200 --- [restartedMain] com.xl.xlblog.XlBlogApplication          : No active profile set, falling back to default profiles: default
2020-08-03 18:11:43.389  INFO 12200 --- [restartedMain] o.s.b.w.embedded.tomcat.TomcatWebServer  : Tomcat initialized with port(s): 8080 (http)
2020-08-03 18:11:43.390  INFO 12200 --- [restartedMain] o.apache.catalina.core.StandardService   : Starting service [Tomcat]
2020-08-03 18:11:43.390  INFO 12200 --- [restartedMain] org.apache.catalina.core.StandardEngine  : Starting Servlet engine: [Apache Tomcat/9.0.33]
2020-08-03 18:11:43.425  INFO 12200 --- [restartedMain] o.a.c.c.C.[Tomcat].[localhost].[/]       : Initializing Spring embedded WebApplicationContext
2020-08-03 18:11:43.426  INFO 12200 --- [restartedMain] o.s.web.context.ContextLoader            : Root WebApplicationContext: initialization completed in 503 ms
2020-08-03 18:11:43.462  INFO 12200 --- [restartedMain] c.a.d.s.b.a.DruidDataSourceAutoConfigure : Init DruidDataSource
2020-08-03 18:11:43.626  INFO 12200 --- [restartedMain] com.alibaba.druid.pool.DruidDataSource   : {dataSource-2} inited
2020-08-03 18:11:43.891  INFO 12200 --- [restartedMain] o.s.s.concurrent.ThreadPoolTaskExecutor  : Initializing ExecutorService 'applicationTaskExecutor'
2020-08-03 18:11:43.931  INFO 12200 --- [restartedMain] o.s.b.a.w.s.WelcomePageHandlerMapping    : Adding welcome page template: index
2020-08-03 18:11:43.974  WARN 12200 --- [restartedMain] org.thymeleaf.templatemode.TemplateMode  : [THYMELEAF][restartedMain] Template Mode 'LEGACYHTML5' is deprecated. Using Template Mode 'HTML' instead.
2020-08-03 18:11:44.208  INFO 12200 --- [restartedMain] o.s.b.d.a.OptionalLiveReloadServer       : LiveReload server is running on port 35729
2020-08-03 18:11:44.230  INFO 12200 --- [restartedMain] o.s.b.w.embedded.tomcat.TomcatWebServer  : Tomcat started on port(s): 8080 (http) with context path ''
2020-08-03 18:11:44.231  INFO 12200 --- [restartedMain] com.xl.xlblog.XlBlogApplication          : Started XlBlogApplication in 1.344 seconds (JVM running for 89.579)
2020-08-03 18:11:44.233  INFO 12200 --- [restartedMain] .ConditionEvaluationDeltaLoggingListener : Condition evaluation unchanged
2020-08-03 18:12:27.126  INFO 12200 --- [SpringContextShutdownHook] o.s.s.concurrent.ThreadPoolTaskExecutor  : Shutting down ExecutorService 'applicationTaskExecutor'
2020-08-03 18:12:27.127  INFO 12200 --- [SpringContextShutdownHook] com.alibaba.druid.pool.DruidDataSource   : {dataSource-2} closing ...
2020-08-03 18:12:27.133  INFO 12200 --- [SpringContextShutdownHook] com.alibaba.druid.pool.DruidDataSource   : {dataSource-2} closed
2020-08-03 18:12:36.847  INFO 8468 --- [restartedMain] com.xl.xlblog.XlBlogApplication          : Starting XlBlogApplication on DESKTOP-10O358N with PID 8468 (F:\javaProject\xl-blog\target\classes started by Mypc in F:\javaProject\xl-blog)
2020-08-03 18:12:36.851  INFO 8468 --- [restartedMain] com.xl.xlblog.XlBlogApplication          : No active profile set, falling back to default profiles: default
2020-08-03 18:12:36.914  INFO 8468 --- [restartedMain] .e.DevToolsPropertyDefaultsPostProcessor : Devtools property defaults active! Set 'spring.devtools.add-properties' to 'false' to disable
2020-08-03 18:12:36.914  INFO 8468 --- [restartedMain] .e.DevToolsPropertyDefaultsPostProcessor : For additional web related logging consider setting the 'logging.level.web' property to 'DEBUG'
2020-08-03 18:12:38.412  INFO 8468 --- [restartedMain] o.s.b.w.embedded.tomcat.TomcatWebServer  : Tomcat initialized with port(s): 8080 (http)
2020-08-03 18:12:38.431  INFO 8468 --- [restartedMain] o.apache.catalina.core.StandardService   : Starting service [Tomcat]
2020-08-03 18:12:38.431  INFO 8468 --- [restartedMain] org.apache.catalina.core.StandardEngine  : Starting Servlet engine: [Apache Tomcat/9.0.33]
2020-08-03 18:12:38.536  INFO 8468 --- [restartedMain] o.a.c.c.C.[Tomcat].[localhost].[/]       : Initializing Spring embedded WebApplicationContext
2020-08-03 18:12:38.536  INFO 8468 --- [restartedMain] o.s.web.context.ContextLoader            : Root WebApplicationContext: initialization completed in 1622 ms
2020-08-03 18:12:38.659  INFO 8468 --- [restartedMain] c.a.d.s.b.a.DruidDataSourceAutoConfigure : Init DruidDataSource
2020-08-03 18:12:39.671  INFO 8468 --- [restartedMain] com.alibaba.druid.pool.DruidDataSource   : {dataSource-1} inited
2020-08-03 18:12:40.233  INFO 8468 --- [restartedMain] o.s.s.concurrent.ThreadPoolTaskExecutor  : Initializing ExecutorService 'applicationTaskExecutor'
2020-08-03 18:12:40.333  INFO 8468 --- [restartedMain] o.s.b.a.w.s.WelcomePageHandlerMapping    : Adding welcome page template: index
2020-08-03 18:12:40.399  WARN 8468 --- [restartedMain] org.thymeleaf.templatemode.TemplateMode  : [THYMELEAF][restartedMain] Template Mode 'LEGACYHTML5' is deprecated. Using Template Mode 'HTML' instead.
2020-08-03 18:12:40.677  INFO 8468 --- [restartedMain] o.s.b.d.a.OptionalLiveReloadServer       : LiveReload server is running on port 35729
2020-08-03 18:12:40.730  INFO 8468 --- [restartedMain] o.s.b.w.embedded.tomcat.TomcatWebServer  : Tomcat started on port(s): 8080 (http) with context path ''
2020-08-03 18:12:40.734  INFO 8468 --- [restartedMain] com.xl.xlblog.XlBlogApplication          : Started XlBlogApplication in 4.436 seconds (JVM running for 6.422)
2020-08-03 18:12:45.944  INFO 8468 --- [http-nio-8080-exec-1] o.a.c.c.C.[Tomcat].[localhost].[/]       : Initializing Spring DispatcherServlet 'dispatcherServlet'
2020-08-03 18:12:45.944  INFO 8468 --- [http-nio-8080-exec-1] o.s.web.servlet.DispatcherServlet        : Initializing Servlet 'dispatcherServlet'
2020-08-03 18:12:45.957  INFO 8468 --- [http-nio-8080-exec-1] o.s.web.servlet.DispatcherServlet        : Completed initialization in 13 ms
2020-08-03 18:12:49.708  INFO 8468 --- [http-nio-8080-exec-1] com.xl.xlblog.aspecct.LogAspect          : ------requestLog :RequestLog(ip=0:0:0:0:0:0:0:1, url=http://localhost:8080/admin/typeHtml, classMethod=com.xl.xlblog.controller.admincontroller.TypeController.typeHtml, args=[RequestFacade:org.apache.catalina.connector.RequestFacade@63288dc2], result=ModelAndView [view="admin/types"; model={nickName=, headImg=https://i.picsum.photos/id/1003/1181/1772.jpg?hmac=oN9fHMXiqe9Zq2RM6XT-RVZkojgPnECWwyEF1RvvTZk}])-----------
2020-08-03 18:13:01.904  INFO 8468 --- [http-nio-8080-exec-6] com.xl.xlblog.aspecct.LogAspect          : ------requestLog :RequestLog(ip=0:0:0:0:0:0:0:1, url=http://localhost:8080/admin/pageSelect, classMethod=com.xl.xlblog.controller.admincontroller.TypeController.pageSelect, args=[Integer:1, Integer:5], result=Result(code=1, message=null, object=PageInfo{pageNum=1, pageSize=5, size=5, startRow=1, endRow=5, total=5, pages=1, list=Page{count=true, pageNum=1, pageSize=5, startRow=0, endRow=5, total=5, pages=1, reasonable=true, pageSizeZero=false}[Type(id=13, name=java, blogList=null), Type(id=14, name=C, blogList=null), Type(id=15, name=python, blogList=null), Type(id=16, name=spring, blogList=null), Type(id=18, name=mybatis, blogList=null)], prePage=0, nextPage=0, isFirstPage=true, isLastPage=true, hasPreviousPage=false, hasNextPage=false, navigatePages=8, navigateFirstPage=1, navigateLastPage=1, navigatepageNums=[1]}))-----------
2020-08-03 18:13:17.526  INFO 8468 --- [http-nio-8080-exec-8] com.xl.xlblog.aspecct.LogAspect          : ------requestLog :RequestLog(ip=0:0:0:0:0:0:0:1, url=http://localhost:8080/admin/blogHtml, classMethod=com.xl.xlblog.controller.admincontroller.BlogController.blogHtml, args=[RequestFacade:org.apache.catalina.connector.RequestFacade@63288dc2], result=ModelAndView [view="admin/blogs"; model={nickName=, headImg=https://i.picsum.photos/id/1003/1181/1772.jpg?hmac=oN9fHMXiqe9Zq2RM6XT-RVZkojgPnECWwyEF1RvvTZk}])-----------
2020-08-03 18:13:17.538  INFO 8468 --- [http-nio-8080-exec-9] com.xl.xlblog.aspecct.LogAspect          : ------requestLog :RequestLog(ip=0:0:0:0:0:0:0:1, url=http://localhost:8080/admin/blogHtml, classMethod=com.xl.xlblog.controller.admincontroller.BlogController.blogHtml, args=[RequestFacade:org.apache.catalina.connector.RequestFacade@66611d3a], result=ModelAndView [view="admin/blogs"; model={nickName=, headImg=https://i.picsum.photos/id/1003/1181/1772.jpg?hmac=oN9fHMXiqe9Zq2RM6XT-RVZkojgPnECWwyEF1RvvTZk}])-----------
2020-08-03 18:13:22.426  INFO 8468 --- [SpringContextShutdownHook] o.s.s.concurrent.ThreadPoolTaskExecutor  : Shutting down ExecutorService 'applicationTaskExecutor'
2020-08-03 18:13:22.427  INFO 8468 --- [SpringContextShutdownHook] com.alibaba.druid.pool.DruidDataSource   : {dataSource-1} closing ...
2020-08-03 18:13:22.429  INFO 8468 --- [SpringContextShutdownHook] com.alibaba.druid.pool.DruidDataSource   : {dataSource-1} closed
2020-08-03 18:13:25.283  INFO 14960 --- [restartedMain] com.xl.xlblog.XlBlogApplication          : Starting XlBlogApplication on DESKTOP-10O358N with PID 14960 (F:\javaProject\xl-blog\target\classes started by Mypc in F:\javaProject\xl-blog)
2020-08-03 18:13:25.286  INFO 14960 --- [restartedMain] com.xl.xlblog.XlBlogApplication          : No active profile set, falling back to default profiles: default
2020-08-03 18:13:25.349  INFO 14960 --- [restartedMain] .e.DevToolsPropertyDefaultsPostProcessor : Devtools property defaults active! Set 'spring.devtools.add-properties' to 'false' to disable
2020-08-03 18:13:25.349  INFO 14960 --- [restartedMain] .e.DevToolsPropertyDefaultsPostProcessor : For additional web related logging consider setting the 'logging.level.web' property to 'DEBUG'
2020-08-03 18:13:26.524  INFO 14960 --- [restartedMain] o.s.b.w.embedded.tomcat.TomcatWebServer  : Tomcat initialized with port(s): 8080 (http)
2020-08-03 18:13:26.531  INFO 14960 --- [restartedMain] o.apache.catalina.core.StandardService   : Starting service [Tomcat]
2020-08-03 18:13:26.532  INFO 14960 --- [restartedMain] org.apache.catalina.core.StandardEngine  : Starting Servlet engine: [Apache Tomcat/9.0.33]
2020-08-03 18:13:26.624  INFO 14960 --- [restartedMain] o.a.c.c.C.[Tomcat].[localhost].[/]       : Initializing Spring embedded WebApplicationContext
2020-08-03 18:13:26.625  INFO 14960 --- [restartedMain] o.s.web.context.ContextLoader            : Root WebApplicationContext: initialization completed in 1276 ms
2020-08-03 18:13:26.735  INFO 14960 --- [restartedMain] c.a.d.s.b.a.DruidDataSourceAutoConfigure : Init DruidDataSource
2020-08-03 18:13:27.807  INFO 14960 --- [restartedMain] com.alibaba.druid.pool.DruidDataSource   : {dataSource-1} inited
2020-08-03 18:13:28.422  INFO 14960 --- [restartedMain] o.s.s.concurrent.ThreadPoolTaskExecutor  : Initializing ExecutorService 'applicationTaskExecutor'
2020-08-03 18:13:28.524  INFO 14960 --- [restartedMain] o.s.b.a.w.s.WelcomePageHandlerMapping    : Adding welcome page template: index
2020-08-03 18:13:28.582  WARN 14960 --- [restartedMain] org.thymeleaf.templatemode.TemplateMode  : [THYMELEAF][restartedMain] Template Mode 'LEGACYHTML5' is deprecated. Using Template Mode 'HTML' instead.
2020-08-03 18:13:28.809  INFO 14960 --- [restartedMain] o.s.b.d.a.OptionalLiveReloadServer       : LiveReload server is running on port 35729
2020-08-03 18:13:28.853  INFO 14960 --- [restartedMain] o.s.b.w.embedded.tomcat.TomcatWebServer  : Tomcat started on port(s): 8080 (http) with context path ''
2020-08-03 18:13:28.856  INFO 14960 --- [restartedMain] com.xl.xlblog.XlBlogApplication          : Started XlBlogApplication in 4.006 seconds (JVM running for 5.072)
2020-08-03 18:13:33.366  INFO 14960 --- [http-nio-8080-exec-1] o.a.c.c.C.[Tomcat].[localhost].[/]       : Initializing Spring DispatcherServlet 'dispatcherServlet'
2020-08-03 18:13:33.367  INFO 14960 --- [http-nio-8080-exec-1] o.s.web.servlet.DispatcherServlet        : Initializing Servlet 'dispatcherServlet'
2020-08-03 18:13:33.375  INFO 14960 --- [http-nio-8080-exec-1] o.s.web.servlet.DispatcherServlet        : Completed initialization in 8 ms
2020-08-03 18:13:33.412  INFO 14960 --- [http-nio-8080-exec-2] com.xl.xlblog.aspecct.LogAspect          : ------requestLog :RequestLog(ip=0:0:0:0:0:0:0:1, url=http://localhost:8080/admin/loginHtml, classMethod=com.xl.xlblog.controller.admincontroller.AdminController.loginHtml, args=[], result=admin/login)-----------
2020-08-03 18:13:34.821  INFO 14960 --- [http-nio-8080-exec-6] com.xl.xlblog.aspecct.LogAspect          : ------requestLog :RequestLog(ip=0:0:0:0:0:0:0:1, url=http://localhost:8080/admin/userLogin, classMethod=com.xl.xlblog.controller.admincontroller.AdminController.userLogin, args=[String:admin, String:123456, RequestFacade:org.apache.catalina.connector.RequestFacade@24fd160e], result=Result(code=1, message=null, object=null))-----------
2020-08-03 18:13:34.875  INFO 14960 --- [http-nio-8080-exec-7] com.xl.xlblog.aspecct.LogAspect          : ------requestLog :RequestLog(ip=0:0:0:0:0:0:0:1, url=http://localhost:8080/admin/indexHtml, classMethod=com.xl.xlblog.controller.admincontroller.AdminController.indexHtml, args=[RequestFacade:org.apache.catalina.connector.RequestFacade@24fd160e], result=ModelAndView [view="admin/index"; model={nickName=, headImg=https://i.picsum.photos/id/1003/1181/1772.jpg?hmac=oN9fHMXiqe9Zq2RM6XT-RVZkojgPnECWwyEF1RvvTZk}])-----------
2020-08-03 18:13:37.899  INFO 14960 --- [http-nio-8080-exec-3] com.xl.xlblog.aspecct.LogAspect          : ------requestLog :RequestLog(ip=0:0:0:0:0:0:0:1, url=http://localhost:8080/admin/typeHtml, classMethod=com.xl.xlblog.controller.admincontroller.TypeController.typeHtml, args=[RequestFacade:org.apache.catalina.connector.RequestFacade@24fd160e], result=ModelAndView [view="admin/types"; model={nickName=, headImg=https://i.picsum.photos/id/1003/1181/1772.jpg?hmac=oN9fHMXiqe9Zq2RM6XT-RVZkojgPnECWwyEF1RvvTZk}])-----------
2020-08-03 18:13:38.045  INFO 14960 --- [http-nio-8080-exec-8] com.xl.xlblog.aspecct.LogAspect          : ------requestLog :RequestLog(ip=0:0:0:0:0:0:0:1, url=http://localhost:8080/admin/pageSelect, classMethod=com.xl.xlblog.controller.admincontroller.TypeController.pageSelect, args=[Integer:1, Integer:5], result=Result(code=1, message=null, object=PageInfo{pageNum=1, pageSize=5, size=5, startRow=1, endRow=5, total=5, pages=1, list=Page{count=true, pageNum=1, pageSize=5, startRow=0, endRow=5, total=5, pages=1, reasonable=true, pageSizeZero=false}[Type(id=13, name=java, blogList=null), Type(id=14, name=C, blogList=null), Type(id=15, name=python, blogList=null), Type(id=16, name=spring, blogList=null), Type(id=18, name=mybatis, blogList=null)], prePage=0, nextPage=0, isFirstPage=true, isLastPage=true, hasPreviousPage=false, hasNextPage=false, navigatePages=8, navigateFirstPage=1, navigateLastPage=1, navigatepageNums=[1]}))-----------
2020-08-03 18:13:40.572  INFO 14960 --- [http-nio-8080-exec-9] com.xl.xlblog.aspecct.LogAspect          : ------requestLog :RequestLog(ip=0:0:0:0:0:0:0:1, url=http://localhost:8080/admin/pictureHtml, classMethod=com.xl.xlblog.controller.admincontroller.PictureController.pictureHtml, args=[RequestFacade:org.apache.catalina.connector.RequestFacade@4ff3dd38], result=ModelAndView [view="admin/pictures"; model={nickName=, headImg=https://i.picsum.photos/id/1003/1181/1772.jpg?hmac=oN9fHMXiqe9Zq2RM6XT-RVZkojgPnECWwyEF1RvvTZk}])-----------
2020-08-03 18:13:54.290  INFO 14960 --- [http-nio-8080-exec-4] com.xl.xlblog.aspecct.LogAspect          : ------requestLog :RequestLog(ip=0:0:0:0:0:0:0:1, url=http://localhost:8080/admin/blogHtml, classMethod=com.xl.xlblog.controller.admincontroller.BlogController.blogHtml, args=[RequestFacade:org.apache.catalina.connector.RequestFacade@4ff3dd38], result=ModelAndView [view="admin/blogs"; model={nickName=, headImg=https://i.picsum.photos/id/1003/1181/1772.jpg?hmac=oN9fHMXiqe9Zq2RM6XT-RVZkojgPnECWwyEF1RvvTZk}])-----------
2020-08-03 18:13:56.650  INFO 14960 --- [http-nio-8080-exec-9] com.xl.xlblog.aspecct.LogAspect          : ------requestLog :RequestLog(ip=0:0:0:0:0:0:0:1, url=http://localhost:8080/admin/typeHtml, classMethod=com.xl.xlblog.controller.admincontroller.TypeController.typeHtml, args=[RequestFacade:org.apache.catalina.connector.RequestFacade@4ff3dd38], result=ModelAndView [view="admin/types"; model={nickName=, headImg=https://i.picsum.photos/id/1003/1181/1772.jpg?hmac=oN9fHMXiqe9Zq2RM6XT-RVZkojgPnECWwyEF1RvvTZk}])-----------
2020-08-03 18:13:56.794  INFO 14960 --- [http-nio-8080-exec-4] com.xl.xlblog.aspecct.LogAspect          : ------requestLog :RequestLog(ip=0:0:0:0:0:0:0:1, url=http://localhost:8080/admin/pageSelect, classMethod=com.xl.xlblog.controller.admincontroller.TypeController.pageSelect, args=[Integer:1, Integer:5], result=Result(code=1, message=null, object=PageInfo{pageNum=1, pageSize=5, size=5, startRow=1, endRow=5, total=5, pages=1, list=Page{count=true, pageNum=1, pageSize=5, startRow=0, endRow=5, total=5, pages=1, reasonable=true, pageSizeZero=false}[Type(id=13, name=java, blogList=null), Type(id=14, name=C, blogList=null), Type(id=15, name=python, blogList=null), Type(id=16, name=spring, blogList=null), Type(id=18, name=mybatis, blogList=null)], prePage=0, nextPage=0, isFirstPage=true, isLastPage=true, hasPreviousPage=false, hasNextPage=false, navigatePages=8, navigateFirstPage=1, navigateLastPage=1, navigatepageNums=[1]}))-----------
2020-08-03 18:33:57.240  INFO 13540 --- [restartedMain] com.xl.xlblog.XlBlogApplication          : Starting XlBlogApplication on DESKTOP-10O358N with PID 13540 (F:\javaProject\xl-blog\target\classes started by Mypc in F:\javaProject\xl-blog)
2020-08-03 18:33:57.243  INFO 13540 --- [restartedMain] com.xl.xlblog.XlBlogApplication          : No active profile set, falling back to default profiles: default
2020-08-03 18:33:57.298  INFO 13540 --- [restartedMain] .e.DevToolsPropertyDefaultsPostProcessor : Devtools property defaults active! Set 'spring.devtools.add-properties' to 'false' to disable
2020-08-03 18:33:57.298  INFO 13540 --- [restartedMain] .e.DevToolsPropertyDefaultsPostProcessor : For additional web related logging consider setting the 'logging.level.web' property to 'DEBUG'
2020-08-03 18:33:58.468  INFO 13540 --- [restartedMain] o.s.b.w.embedded.tomcat.TomcatWebServer  : Tomcat initialized with port(s): 8080 (http)
2020-08-03 18:33:58.475  INFO 13540 --- [restartedMain] o.apache.catalina.core.StandardService   : Starting service [Tomcat]
2020-08-03 18:33:58.476  INFO 13540 --- [restartedMain] org.apache.catalina.core.StandardEngine  : Starting Servlet engine: [Apache Tomcat/9.0.33]
2020-08-03 18:33:58.545  INFO 13540 --- [restartedMain] o.a.c.c.C.[Tomcat].[localhost].[/]       : Initializing Spring embedded WebApplicationContext
2020-08-03 18:33:58.546  INFO 13540 --- [restartedMain] o.s.web.context.ContextLoader            : Root WebApplicationContext: initialization completed in 1247 ms
2020-08-03 18:33:58.626  INFO 13540 --- [restartedMain] c.a.d.s.b.a.DruidDataSourceAutoConfigure : Init DruidDataSource
2020-08-03 18:33:59.438  INFO 13540 --- [restartedMain] com.alibaba.druid.pool.DruidDataSource   : {dataSource-1} inited
2020-08-03 18:33:59.878  INFO 13540 --- [restartedMain] o.s.s.concurrent.ThreadPoolTaskExecutor  : Initializing ExecutorService 'applicationTaskExecutor'
2020-08-03 18:33:59.948  INFO 13540 --- [restartedMain] o.s.b.a.w.s.WelcomePageHandlerMapping    : Adding welcome page template: index
2020-08-03 18:34:00.007  WARN 13540 --- [restartedMain] org.thymeleaf.templatemode.TemplateMode  : [THYMELEAF][restartedMain] Template Mode 'LEGACYHTML5' is deprecated. Using Template Mode 'HTML' instead.
2020-08-03 18:34:00.216  INFO 13540 --- [restartedMain] o.s.b.d.a.OptionalLiveReloadServer       : LiveReload server is running on port 35729
2020-08-03 18:34:00.259  INFO 13540 --- [restartedMain] o.s.b.w.embedded.tomcat.TomcatWebServer  : Tomcat started on port(s): 8080 (http) with context path ''
2020-08-03 18:34:00.262  INFO 13540 --- [restartedMain] com.xl.xlblog.XlBlogApplication          : Started XlBlogApplication in 3.453 seconds (JVM running for 4.484)
2020-08-03 18:40:55.763  INFO 13540 --- [http-nio-8080-exec-1] o.a.c.c.C.[Tomcat].[localhost].[/]       : Initializing Spring DispatcherServlet 'dispatcherServlet'
2020-08-03 18:40:55.763  INFO 13540 --- [http-nio-8080-exec-1] o.s.web.servlet.DispatcherServlet        : Initializing Servlet 'dispatcherServlet'
2020-08-03 18:40:55.775  INFO 13540 --- [http-nio-8080-exec-1] o.s.web.servlet.DispatcherServlet        : Completed initialization in 12 ms
2020-08-03 18:40:55.808  INFO 13540 --- [http-nio-8080-exec-3] com.xl.xlblog.aspecct.LogAspect          : ------requestLog :RequestLog(ip=0:0:0:0:0:0:0:1, url=http://localhost:8080/admin/loginHtml, classMethod=com.xl.xlblog.controller.admincontroller.AdminController.loginHtml, args=[], result=admin/login)-----------
2020-08-03 18:40:57.622  INFO 13540 --- [http-nio-8080-exec-5] com.xl.xlblog.aspecct.LogAspect          : ------requestLog :RequestLog(ip=0:0:0:0:0:0:0:1, url=http://localhost:8080/admin/userLogin, classMethod=com.xl.xlblog.controller.admincontroller.AdminController.userLogin, args=[String:admin, String:123456, RequestFacade:org.apache.catalina.connector.RequestFacade@2b2204e2], result=Result(code=1, message=null, object=null))-----------
2020-08-03 18:40:57.678  INFO 13540 --- [http-nio-8080-exec-6] com.xl.xlblog.aspecct.LogAspect          : ------requestLog :RequestLog(ip=0:0:0:0:0:0:0:1, url=http://localhost:8080/admin/indexHtml, classMethod=com.xl.xlblog.controller.admincontroller.AdminController.indexHtml, args=[RequestFacade:org.apache.catalina.connector.RequestFacade@2b2204e2], result=ModelAndView [view="admin/index"; model={nickName=, headImg=https://i.picsum.photos/id/1003/1181/1772.jpg?hmac=oN9fHMXiqe9Zq2RM6XT-RVZkojgPnECWwyEF1RvvTZk}])-----------
2020-08-03 18:41:02.908  INFO 13540 --- [http-nio-8080-exec-3] com.xl.xlblog.aspecct.LogAspect          : ------requestLog :RequestLog(ip=0:0:0:0:0:0:0:1, url=http://localhost:8080/admin/typeHtml, classMethod=com.xl.xlblog.controller.admincontroller.TypeController.typeHtml, args=[RequestFacade:org.apache.catalina.connector.RequestFacade@7495a718], result=ModelAndView [view="admin/types"; model={nickName=, headImg=https://i.picsum.photos/id/1003/1181/1772.jpg?hmac=oN9fHMXiqe9Zq2RM6XT-RVZkojgPnECWwyEF1RvvTZk}])-----------
2020-08-03 18:41:03.061  INFO 13540 --- [http-nio-8080-exec-8] com.xl.xlblog.aspecct.LogAspect          : ------requestLog :RequestLog(ip=0:0:0:0:0:0:0:1, url=http://localhost:8080/admin/pageSelect, classMethod=com.xl.xlblog.controller.admincontroller.TypeController.pageSelect, args=[Integer:1, Integer:5], result=Result(code=1, message=null, object=PageInfo{pageNum=1, pageSize=5, size=5, startRow=1, endRow=5, total=5, pages=1, list=Page{count=true, pageNum=1, pageSize=5, startRow=0, endRow=5, total=5, pages=1, reasonable=true, pageSizeZero=false}[Type(id=13, name=java, blogList=null), Type(id=14, name=C, blogList=null), Type(id=15, name=python, blogList=null), Type(id=16, name=spring, blogList=null), Type(id=18, name=mybatis, blogList=null)], prePage=0, nextPage=0, isFirstPage=true, isLastPage=true, hasPreviousPage=false, hasNextPage=false, navigatePages=8, navigateFirstPage=1, navigateLastPage=1, navigatepageNums=[1]}))-----------
2020-08-03 18:41:07.920  INFO 13540 --- [http-nio-8080-exec-10] com.xl.xlblog.aspecct.LogAspect          : ------requestLog :RequestLog(ip=0:0:0:0:0:0:0:1, url=http://localhost:8080/admin/typeAddHtml, classMethod=com.xl.xlblog.controller.admincontroller.TypeController.typeAddHtml, args=[RequestFacade:org.apache.catalina.connector.RequestFacade@2b2204e2], result=ModelAndView [view="admin/types-input"; model={nickName=, headImg=https://i.picsum.photos/id/1003/1181/1772.jpg?hmac=oN9fHMXiqe9Zq2RM6XT-RVZkojgPnECWwyEF1RvvTZk}])-----------
2020-08-03 18:41:15.126  INFO 13540 --- [http-nio-8080-exec-2] com.xl.xlblog.aspecct.LogAspect          : ------requestLog :RequestLog(ip=0:0:0:0:0:0:0:1, url=http://localhost:8080/admin/addType, classMethod=com.xl.xlblog.controller.admincontroller.TypeController.addType, args=[String:SpringBoot], result=Result(code=1, message=!, object=null))-----------
2020-08-03 18:41:16.269  INFO 13540 --- [http-nio-8080-exec-4] com.xl.xlblog.aspecct.LogAspect          : ------requestLog :RequestLog(ip=0:0:0:0:0:0:0:1, url=http://localhost:8080/admin/typeHtml, classMethod=com.xl.xlblog.controller.admincontroller.TypeController.typeHtml, args=[RequestFacade:org.apache.catalina.connector.RequestFacade@7495a718], result=ModelAndView [view="admin/types"; model={nickName=, headImg=https://i.picsum.photos/id/1003/1181/1772.jpg?hmac=oN9fHMXiqe9Zq2RM6XT-RVZkojgPnECWwyEF1RvvTZk}])-----------
2020-08-03 18:41:16.392  INFO 13540 --- [http-nio-8080-exec-7] com.xl.xlblog.aspecct.LogAspect          : ------requestLog :RequestLog(ip=0:0:0:0:0:0:0:1, url=http://localhost:8080/admin/pageSelect, classMethod=com.xl.xlblog.controller.admincontroller.TypeController.pageSelect, args=[Integer:1, Integer:5], result=Result(code=1, message=null, object=PageInfo{pageNum=1, pageSize=5, size=5, startRow=1, endRow=5, total=6, pages=2, list=Page{count=true, pageNum=1, pageSize=5, startRow=0, endRow=5, total=6, pages=2, reasonable=true, pageSizeZero=false}[Type(id=13, name=java, blogList=null), Type(id=14, name=C, blogList=null), Type(id=15, name=python, blogList=null), Type(id=16, name=spring, blogList=null), Type(id=18, name=mybatis, blogList=null)], prePage=0, nextPage=2, isFirstPage=true, isLastPage=false, hasPreviousPage=false, hasNextPage=true, navigatePages=8, navigateFirstPage=1, navigateLastPage=2, navigatepageNums=[1, 2]}))-----------
2020-08-03 18:41:18.020  INFO 13540 --- [http-nio-8080-exec-9] com.xl.xlblog.aspecct.LogAspect          : ------requestLog :RequestLog(ip=0:0:0:0:0:0:0:1, url=http://localhost:8080/admin/pageSelect, classMethod=com.xl.xlblog.controller.admincontroller.TypeController.pageSelect, args=[Integer:2, Integer:5], result=Result(code=1, message=null, object=PageInfo{pageNum=2, pageSize=5, size=1, startRow=6, endRow=6, total=6, pages=2, list=Page{count=true, pageNum=2, pageSize=5, startRow=5, endRow=10, total=6, pages=2, reasonable=true, pageSizeZero=false}[Type(id=19, name=SpringBoot, blogList=null)], prePage=1, nextPage=0, isFirstPage=false, isLastPage=true, hasPreviousPage=true, hasNextPage=false, navigatePages=8, navigateFirstPage=1, navigateLastPage=2, navigatepageNums=[1, 2]}))-----------
2020-08-03 18:41:19.137  INFO 13540 --- [http-nio-8080-exec-1] com.xl.xlblog.aspecct.LogAspect          : ------requestLog :RequestLog(ip=0:0:0:0:0:0:0:1, url=http://localhost:8080/admin/pageSelect, classMethod=com.xl.xlblog.controller.admincontroller.TypeController.pageSelect, args=[Integer:1, Integer:5], result=Result(code=1, message=null, object=PageInfo{pageNum=1, pageSize=5, size=5, startRow=1, endRow=5, total=6, pages=2, list=Page{count=true, pageNum=1, pageSize=5, startRow=0, endRow=5, total=6, pages=2, reasonable=true, pageSizeZero=false}[Type(id=13, name=java, blogList=null), Type(id=14, name=C, blogList=null), Type(id=15, name=python, blogList=null), Type(id=16, name=spring, blogList=null), Type(id=18, name=mybatis, blogList=null)], prePage=0, nextPage=2, isFirstPage=true, isLastPage=false, hasPreviousPage=false, hasNextPage=true, navigatePages=8, navigateFirstPage=1, navigateLastPage=2, navigatepageNums=[1, 2]}))-----------
2020-08-03 18:41:21.026  INFO 13540 --- [http-nio-8080-exec-3] com.xl.xlblog.aspecct.LogAspect          : ------requestLog :RequestLog(ip=0:0:0:0:0:0:0:1, url=http://localhost:8080/admin/pageSelect, classMethod=com.xl.xlblog.controller.admincontroller.TypeController.pageSelect, args=[Integer:2, Integer:5], result=Result(code=1, message=null, object=PageInfo{pageNum=2, pageSize=5, size=1, startRow=6, endRow=6, total=6, pages=2, list=Page{count=true, pageNum=2, pageSize=5, startRow=5, endRow=10, total=6, pages=2, reasonable=true, pageSizeZero=false}[Type(id=19, name=SpringBoot, blogList=null)], prePage=1, nextPage=0, isFirstPage=false, isLastPage=true, hasPreviousPage=true, hasNextPage=false, navigatePages=8, navigateFirstPage=1, navigateLastPage=2, navigatepageNums=[1, 2]}))-----------
2020-08-03 18:41:22.171  INFO 13540 --- [http-nio-8080-exec-2] com.xl.xlblog.aspecct.LogAspect          : ------requestLog :RequestLog(ip=0:0:0:0:0:0:0:1, url=http://localhost:8080/admin/pageSelect, classMethod=com.xl.xlblog.controller.admincontroller.TypeController.pageSelect, args=[Integer:1, Integer:5], result=Result(code=1, message=null, object=PageInfo{pageNum=1, pageSize=5, size=5, startRow=1, endRow=5, total=6, pages=2, list=Page{count=true, pageNum=1, pageSize=5, startRow=0, endRow=5, total=6, pages=2, reasonable=true, pageSizeZero=false}[Type(id=13, name=java, blogList=null), Type(id=14, name=C, blogList=null), Type(id=15, name=python, blogList=null), Type(id=16, name=spring, blogList=null), Type(id=18, name=mybatis, blogList=null)], prePage=0, nextPage=2, isFirstPage=true, isLastPage=false, hasPreviousPage=false, hasNextPage=true, navigatePages=8, navigateFirstPage=1, navigateLastPage=2, navigatepageNums=[1, 2]}))-----------
2020-08-03 18:41:22.990  INFO 13540 --- [http-nio-8080-exec-4] com.xl.xlblog.aspecct.LogAspect          : ------requestLog :RequestLog(ip=0:0:0:0:0:0:0:1, url=http://localhost:8080/admin/pageSelect, classMethod=com.xl.xlblog.controller.admincontroller.TypeController.pageSelect, args=[Integer:2, Integer:5], result=Result(code=1, message=null, object=PageInfo{pageNum=2, pageSize=5, size=1, startRow=6, endRow=6, total=6, pages=2, list=Page{count=true, pageNum=2, pageSize=5, startRow=5, endRow=10, total=6, pages=2, reasonable=true, pageSizeZero=false}[Type(id=19, name=SpringBoot, blogList=null)], prePage=1, nextPage=0, isFirstPage=false, isLastPage=true, hasPreviousPage=true, hasNextPage=false, navigatePages=8, navigateFirstPage=1, navigateLastPage=2, navigatepageNums=[1, 2]}))-----------
2020-08-03 18:41:23.838  INFO 13540 --- [http-nio-8080-exec-5] com.xl.xlblog.aspecct.LogAspect          : ------requestLog :RequestLog(ip=0:0:0:0:0:0:0:1, url=http://localhost:8080/admin/pageSelect, classMethod=com.xl.xlblog.controller.admincontroller.TypeController.pageSelect, args=[Integer:1, Integer:5], result=Result(code=1, message=null, object=PageInfo{pageNum=1, pageSize=5, size=5, startRow=1, endRow=5, total=6, pages=2, list=Page{count=true, pageNum=1, pageSize=5, startRow=0, endRow=5, total=6, pages=2, reasonable=true, pageSizeZero=false}[Type(id=13, name=java, blogList=null), Type(id=14, name=C, blogList=null), Type(id=15, name=python, blogList=null), Type(id=16, name=spring, blogList=null), Type(id=18, name=mybatis, blogList=null)], prePage=0, nextPage=2, isFirstPage=true, isLastPage=false, hasPreviousPage=false, hasNextPage=true, navigatePages=8, navigateFirstPage=1, navigateLastPage=2, navigatepageNums=[1, 2]}))-----------
2020-08-03 18:41:24.740  INFO 13540 --- [http-nio-8080-exec-6] com.xl.xlblog.aspecct.LogAspect          : ------requestLog :RequestLog(ip=0:0:0:0:0:0:0:1, url=http://localhost:8080/admin/pageSelect, classMethod=com.xl.xlblog.controller.admincontroller.TypeController.pageSelect, args=[Integer:2, Integer:5], result=Result(code=1, message=null, object=PageInfo{pageNum=2, pageSize=5, size=1, startRow=6, endRow=6, total=6, pages=2, list=Page{count=true, pageNum=2, pageSize=5, startRow=5, endRow=10, total=6, pages=2, reasonable=true, pageSizeZero=false}[Type(id=19, name=SpringBoot, blogList=null)], prePage=1, nextPage=0, isFirstPage=false, isLastPage=true, hasPreviousPage=true, hasNextPage=false, navigatePages=8, navigateFirstPage=1, navigateLastPage=2, navigatepageNums=[1, 2]}))-----------
2020-08-03 18:41:25.628  INFO 13540 --- [http-nio-8080-exec-8] com.xl.xlblog.aspecct.LogAspect          : ------requestLog :RequestLog(ip=0:0:0:0:0:0:0:1, url=http://localhost:8080/admin/pageSelect, classMethod=com.xl.xlblog.controller.admincontroller.TypeController.pageSelect, args=[Integer:1, Integer:5], result=Result(code=1, message=null, object=PageInfo{pageNum=1, pageSize=5, size=5, startRow=1, endRow=5, total=6, pages=2, list=Page{count=true, pageNum=1, pageSize=5, startRow=0, endRow=5, total=6, pages=2, reasonable=true, pageSizeZero=false}[Type(id=13, name=java, blogList=null), Type(id=14, name=C, blogList=null), Type(id=15, name=python, blogList=null), Type(id=16, name=spring, blogList=null), Type(id=18, name=mybatis, blogList=null)], prePage=0, nextPage=2, isFirstPage=true, isLastPage=false, hasPreviousPage=false, hasNextPage=true, navigatePages=8, navigateFirstPage=1, navigateLastPage=2, navigatepageNums=[1, 2]}))-----------
2020-08-03 18:41:39.989  INFO 13540 --- [http-nio-8080-exec-10] com.xl.xlblog.aspecct.LogAspect          : ------requestLog :RequestLog(ip=0:0:0:0:0:0:0:1, url=http://localhost:8080/admin/loginOut, classMethod=com.xl.xlblog.controller.admincontroller.AdminController.loginOut, args=[RequestFacade:org.apache.catalina.connector.RequestFacade@2b2204e2], result=redirect:/admin/loginHtml)-----------
2020-08-03 18:41:40.004  INFO 13540 --- [http-nio-8080-exec-7] com.xl.xlblog.aspecct.LogAspect          : ------requestLog :RequestLog(ip=0:0:0:0:0:0:0:1, url=http://localhost:8080/admin/loginHtml, classMethod=com.xl.xlblog.controller.admincontroller.AdminController.loginHtml, args=[], result=admin/login)-----------
2020-08-03 18:41:40.952  INFO 13540 --- [http-nio-8080-exec-3] com.xl.xlblog.aspecct.LogAspect          : ------requestLog :RequestLog(ip=0:0:0:0:0:0:0:1, url=http://localhost:8080/admin/userLogin, classMethod=com.xl.xlblog.controller.admincontroller.AdminController.userLogin, args=[String:admin, String:123456, RequestFacade:org.apache.catalina.connector.RequestFacade@2b2204e2], result=Result(code=1, message=null, object=null))-----------
2020-08-03 18:41:40.964  INFO 13540 --- [http-nio-8080-exec-2] com.xl.xlblog.aspecct.LogAspect          : ------requestLog :RequestLog(ip=0:0:0:0:0:0:0:1, url=http://localhost:8080/admin/indexHtml, classMethod=com.xl.xlblog.controller.admincontroller.AdminController.indexHtml, args=[RequestFacade:org.apache.catalina.connector.RequestFacade@2b2204e2], result=ModelAndView [view="admin/index"; model={nickName=, headImg=https://i.picsum.photos/id/1003/1181/1772.jpg?hmac=oN9fHMXiqe9Zq2RM6XT-RVZkojgPnECWwyEF1RvvTZk}])-----------
2020-08-03 18:41:42.372  INFO 13540 --- [http-nio-8080-exec-7] com.xl.xlblog.aspecct.LogAspect          : ------requestLog :RequestLog(ip=0:0:0:0:0:0:0:1, url=http://localhost:8080/admin/typeHtml, classMethod=com.xl.xlblog.controller.admincontroller.TypeController.typeHtml, args=[RequestFacade:org.apache.catalina.connector.RequestFacade@2b2204e2], result=ModelAndView [view="admin/types"; model={nickName=, headImg=https://i.picsum.photos/id/1003/1181/1772.jpg?hmac=oN9fHMXiqe9Zq2RM6XT-RVZkojgPnECWwyEF1RvvTZk}])-----------
2020-08-03 18:41:42.469  INFO 13540 --- [http-nio-8080-exec-4] com.xl.xlblog.aspecct.LogAspect          : ------requestLog :RequestLog(ip=0:0:0:0:0:0:0:1, url=http://localhost:8080/admin/pageSelect, classMethod=com.xl.xlblog.controller.admincontroller.TypeController.pageSelect, args=[Integer:1, Integer:5], result=Result(code=1, message=null, object=PageInfo{pageNum=1, pageSize=5, size=5, startRow=1, endRow=5, total=6, pages=2, list=Page{count=true, pageNum=1, pageSize=5, startRow=0, endRow=5, total=6, pages=2, reasonable=true, pageSizeZero=false}[Type(id=13, name=java, blogList=null), Type(id=14, name=C, blogList=null), Type(id=15, name=python, blogList=null), Type(id=16, name=spring, blogList=null), Type(id=18, name=mybatis, blogList=null)], prePage=0, nextPage=2, isFirstPage=true, isLastPage=false, hasPreviousPage=false, hasNextPage=true, navigatePages=8, navigateFirstPage=1, navigateLastPage=2, navigatepageNums=[1, 2]}))-----------
2020-08-03 18:41:49.107  INFO 13540 --- [http-nio-8080-exec-5] com.xl.xlblog.aspecct.LogAspect          : ------requestLog :RequestLog(ip=0:0:0:0:0:0:0:1, url=http://localhost:8080/admin/pageSelect, classMethod=com.xl.xlblog.controller.admincontroller.TypeController.pageSelect, args=[Integer:2, Integer:5], result=Result(code=1, message=null, object=PageInfo{pageNum=2, pageSize=5, size=1, startRow=6, endRow=6, total=6, pages=2, list=Page{count=true, pageNum=2, pageSize=5, startRow=5, endRow=10, total=6, pages=2, reasonable=true, pageSizeZero=false}[Type(id=19, name=SpringBoot, blogList=null)], prePage=1, nextPage=0, isFirstPage=false, isLastPage=true, hasPreviousPage=true, hasNextPage=false, navigatePages=8, navigateFirstPage=1, navigateLastPage=2, navigatepageNums=[1, 2]}))-----------
2020-08-03 18:41:50.312  INFO 13540 --- [http-nio-8080-exec-6] com.xl.xlblog.aspecct.LogAspect          : ------requestLog :RequestLog(ip=0:0:0:0:0:0:0:1, url=http://localhost:8080/admin/pageSelect, classMethod=com.xl.xlblog.controller.admincontroller.TypeController.pageSelect, args=[Integer:1, Integer:5], result=Result(code=1, message=null, object=PageInfo{pageNum=1, pageSize=5, size=5, startRow=1, endRow=5, total=6, pages=2, list=Page{count=true, pageNum=1, pageSize=5, startRow=0, endRow=5, total=6, pages=2, reasonable=true, pageSizeZero=false}[Type(id=13, name=java, blogList=null), Type(id=14, name=C, blogList=null), Type(id=15, name=python, blogList=null), Type(id=16, name=spring, blogList=null), Type(id=18, name=mybatis, blogList=null)], prePage=0, nextPage=2, isFirstPage=true, isLastPage=false, hasPreviousPage=false, hasNextPage=true, navigatePages=8, navigateFirstPage=1, navigateLastPage=2, navigatepageNums=[1, 2]}))-----------
2020-08-03 20:59:26.555  INFO 13540 --- [Thread-12] o.s.s.concurrent.ThreadPoolTaskExecutor  : Shutting down ExecutorService 'applicationTaskExecutor'
2020-08-03 20:59:26.555  INFO 13540 --- [Thread-12] com.alibaba.druid.pool.DruidDataSource   : {dataSource-1} closing ...
2020-08-03 20:59:26.558  INFO 13540 --- [Thread-12] com.alibaba.druid.pool.DruidDataSource   : {dataSource-1} closed
